Sender: LSF System <lsfadmin@eu-g2-01>
Subject: Job 218648108: <python train_linear_classifier.py --epochs 25 --log_dir /cluster/scratch/thobauma/data/models2> in cluster <euler> Exited

Job <python train_linear_classifier.py --epochs 25 --log_dir /cluster/scratch/thobauma/data/models2> was submitted from host <eu-login-29> by user <thobauma> in cluster <euler> at Mon May 16 12:32:56 2022
Job was executed on host(s) <4*eu-g2-01>, in queue <gpu.4h>, as user <thobauma> in cluster <euler> at Mon May 16 12:34:03 2022
</cluster/home/thobauma> was used as the home directory.
</cluster/home/thobauma/deeplearning/converted_scripts> was used as the working directory.
Started at Mon May 16 12:34:03 2022
Terminated at Mon May 16 16:33:54 2022
Results reported at Mon May 16 16:33:54 2022

Your job looked like:

------------------------------------------------------------
# LSBATCH: User input
python train_linear_classifier.py --epochs 25 --log_dir /cluster/scratch/thobauma/data/models2
------------------------------------------------------------

TERM_RUNLIMIT: job killed after reaching LSF run time limit.
Exited with exit code 140.

Resource usage summary:

    CPU time :                                   10788.67 sec.
    Max Memory :                                 27323 MB
    Average Memory :                             23455.84 MB
    Total Requested Memory :                     40960.00 MB
    Delta Memory :                               13637.00 MB
    Max Swap :                                   -
    Max Processes :                              3
    Max Threads :                                8
    Run time :                                   14406 sec.
    Turnaround time :                            14458 sec.

The output (if any) follows:

train:      93600
validation:  3600
Please use the `--pretrained_weights` argument to indicate the path of the checkpoint to evaluate.
Since no pretrained weights have been provided, we load the reference pretrained DINO weights.
Model vit_small built.
Embed dim 1536
We load the reference pretrained linear weights.
Epoch: [0]  [   0/1463]  eta: 0:27:35  lr: 0.000250  loss: 3.070781 (3.070781)  time: 1.131630  data: 0.977616  max mem: 497
Epoch: [0]  [  20/1463]  eta: 0:26:19  lr: 0.000250  loss: 0.670253 (1.188084)  time: 1.092667  data: 0.968732  max mem: 498
Epoch: [0]  [  40/1463]  eta: 0:25:50  lr: 0.000250  loss: 0.146550 (0.698226)  time: 1.084453  data: 0.959684  max mem: 498
Epoch: [0]  [  60/1463]  eta: 0:25:17  lr: 0.000250  loss: 0.163147 (0.522710)  time: 1.066256  data: 0.944563  max mem: 498
Epoch: [0]  [  80/1463]  eta: 0:24:35  lr: 0.000250  loss: 0.117238 (0.423564)  time: 1.021165  data: 0.899864  max mem: 498
Epoch: [0]  [ 100/1463]  eta: 0:24:12  lr: 0.000250  loss: 0.092712 (0.362589)  time: 1.061377  data: 0.938935  max mem: 498
Epoch: [0]  [ 120/1463]  eta: 0:24:01  lr: 0.000250  loss: 0.104840 (0.323271)  time: 1.112856  data: 0.987113  max mem: 498
Epoch: [0]  [ 140/1463]  eta: 0:23:35  lr: 0.000250  loss: 0.086347 (0.291294)  time: 1.049382  data: 0.925097  max mem: 498
Epoch: [0]  [ 160/1463]  eta: 0:23:07  lr: 0.000250  loss: 0.078338 (0.265529)  time: 1.025593  data: 0.902710  max mem: 498
Epoch: [0]  [ 180/1463]  eta: 0:22:47  lr: 0.000250  loss: 0.065914 (0.245415)  time: 1.072477  data: 0.951142  max mem: 498
Epoch: [0]  [ 200/1463]  eta: 0:22:27  lr: 0.000250  loss: 0.049009 (0.228068)  time: 1.076234  data: 0.954377  max mem: 498
Epoch: [0]  [ 220/1463]  eta: 0:22:08  lr: 0.000250  loss: 0.071243 (0.214876)  time: 1.095435  data: 0.975335  max mem: 498
Epoch: [0]  [ 240/1463]  eta: 0:21:46  lr: 0.000250  loss: 0.074934 (0.204562)  time: 1.058177  data: 0.936659  max mem: 498
Epoch: [0]  [ 260/1463]  eta: 0:21:28  lr: 0.000250  loss: 0.081828 (0.196017)  time: 1.104455  data: 0.979860  max mem: 498
Epoch: [0]  [ 280/1463]  eta: 0:21:09  lr: 0.000250  loss: 0.084284 (0.188464)  time: 1.104397  data: 0.984012  max mem: 498
Epoch: [0]  [ 300/1463]  eta: 0:20:53  lr: 0.000250  loss: 0.077714 (0.182799)  time: 1.140544  data: 1.017585  max mem: 498
Epoch: [0]  [ 320/1463]  eta: 0:20:31  lr: 0.000250  loss: 0.063660 (0.176007)  time: 1.076720  data: 0.951873  max mem: 498
Epoch: [0]  [ 340/1463]  eta: 0:20:11  lr: 0.000250  loss: 0.077085 (0.170820)  time: 1.096172  data: 0.973470  max mem: 498
Epoch: [0]  [ 360/1463]  eta: 0:19:50  lr: 0.000250  loss: 0.065514 (0.166858)  time: 1.086022  data: 0.964165  max mem: 498
Epoch: [0]  [ 380/1463]  eta: 0:19:27  lr: 0.000250  loss: 0.065385 (0.162587)  time: 1.053655  data: 0.933906  max mem: 498
Epoch: [0]  [ 400/1463]  eta: 0:19:04  lr: 0.000250  loss: 0.071733 (0.158319)  time: 1.052836  data: 0.927542  max mem: 498
Epoch: [0]  [ 420/1463]  eta: 0:18:42  lr: 0.000250  loss: 0.063882 (0.154419)  time: 1.068322  data: 0.945624  max mem: 498
Epoch: [0]  [ 440/1463]  eta: 0:18:17  lr: 0.000250  loss: 0.072169 (0.150739)  time: 1.005561  data: 0.886118  max mem: 498
Epoch: [0]  [ 460/1463]  eta: 0:17:54  lr: 0.000250  loss: 0.043872 (0.146923)  time: 1.040286  data: 0.916119  max mem: 498
Epoch: [0]  [ 480/1463]  eta: 0:17:32  lr: 0.000250  loss: 0.067896 (0.144168)  time: 1.051897  data: 0.928808  max mem: 498
Epoch: [0]  [ 500/1463]  eta: 0:17:09  lr: 0.000250  loss: 0.037659 (0.140294)  time: 1.029168  data: 0.909060  max mem: 498
Epoch: [0]  [ 520/1463]  eta: 0:16:46  lr: 0.000250  loss: 0.040654 (0.137023)  time: 1.035120  data: 0.913526  max mem: 498
Epoch: [0]  [ 540/1463]  eta: 0:16:24  lr: 0.000250  loss: 0.043876 (0.134448)  time: 1.028571  data: 0.905914  max mem: 498
Epoch: [0]  [ 560/1463]  eta: 0:16:02  lr: 0.000250  loss: 0.053194 (0.132355)  time: 1.061421  data: 0.939781  max mem: 498
Epoch: [0]  [ 580/1463]  eta: 0:15:39  lr: 0.000250  loss: 0.080571 (0.130727)  time: 1.016464  data: 0.893880  max mem: 498
Epoch: [0]  [ 600/1463]  eta: 0:15:17  lr: 0.000250  loss: 0.066540 (0.128756)  time: 1.008968  data: 0.887579  max mem: 498
Epoch: [0]  [ 620/1463]  eta: 0:14:55  lr: 0.000250  loss: 0.051783 (0.126682)  time: 1.036400  data: 0.912696  max mem: 498
Epoch: [0]  [ 640/1463]  eta: 0:14:33  lr: 0.000250  loss: 0.060859 (0.125427)  time: 1.061216  data: 0.937897  max mem: 498
Epoch: [0]  [ 660/1463]  eta: 0:14:12  lr: 0.000250  loss: 0.036332 (0.123447)  time: 1.038509  data: 0.917393  max mem: 498
Epoch: [0]  [ 680/1463]  eta: 0:13:50  lr: 0.000250  loss: 0.075971 (0.122354)  time: 1.066455  data: 0.946021  max mem: 498
Epoch: [0]  [ 700/1463]  eta: 0:13:29  lr: 0.000250  loss: 0.048408 (0.120937)  time: 1.032855  data: 0.913778  max mem: 498
Epoch: [0]  [ 720/1463]  eta: 0:13:07  lr: 0.000250  loss: 0.056438 (0.119719)  time: 1.062477  data: 0.939663  max mem: 498
Epoch: [0]  [ 740/1463]  eta: 0:12:45  lr: 0.000250  loss: 0.038258 (0.118058)  time: 1.022109  data: 0.903487  max mem: 498
Epoch: [0]  [ 760/1463]  eta: 0:12:24  lr: 0.000250  loss: 0.060955 (0.117220)  time: 1.043065  data: 0.921887  max mem: 498
Epoch: [0]  [ 780/1463]  eta: 0:12:03  lr: 0.000250  loss: 0.068565 (0.116687)  time: 1.047814  data: 0.923123  max mem: 498
Epoch: [0]  [ 800/1463]  eta: 0:11:42  lr: 0.000250  loss: 0.055229 (0.115110)  time: 1.064681  data: 0.943530  max mem: 498
Epoch: [0]  [ 820/1463]  eta: 0:11:20  lr: 0.000250  loss: 0.043806 (0.113580)  time: 1.006339  data: 0.882990  max mem: 498
Epoch: [0]  [ 840/1463]  eta: 0:10:58  lr: 0.000250  loss: 0.063321 (0.112663)  time: 1.038160  data: 0.918813  max mem: 498
Epoch: [0]  [ 860/1463]  eta: 0:10:36  lr: 0.000250  loss: 0.043171 (0.111523)  time: 0.999814  data: 0.878592  max mem: 498
Epoch: [0]  [ 880/1463]  eta: 0:10:14  lr: 0.000250  loss: 0.046040 (0.110340)  time: 0.986200  data: 0.866741  max mem: 498
Epoch: [0]  [ 900/1463]  eta: 0:09:53  lr: 0.000250  loss: 0.047434 (0.109198)  time: 1.020807  data: 0.902893  max mem: 498
Epoch: [0]  [ 920/1463]  eta: 0:09:31  lr: 0.000250  loss: 0.034851 (0.107777)  time: 1.004376  data: 0.884418  max mem: 498
Epoch: [0]  [ 940/1463]  eta: 0:09:10  lr: 0.000250  loss: 0.056819 (0.106869)  time: 1.058375  data: 0.935145  max mem: 498
Epoch: [0]  [ 960/1463]  eta: 0:08:49  lr: 0.000250  loss: 0.066385 (0.106216)  time: 1.022849  data: 0.901719  max mem: 498
Epoch: [0]  [ 980/1463]  eta: 0:08:27  lr: 0.000250  loss: 0.065132 (0.105571)  time: 1.007962  data: 0.889237  max mem: 498
Epoch: [0]  [1000/1463]  eta: 0:08:06  lr: 0.000250  loss: 0.044110 (0.105190)  time: 1.018202  data: 0.895198  max mem: 498
Epoch: [0]  [1020/1463]  eta: 0:07:44  lr: 0.000250  loss: 0.056495 (0.104451)  time: 0.993104  data: 0.875156  max mem: 498
Epoch: [0]  [1040/1463]  eta: 0:07:23  lr: 0.000250  loss: 0.060979 (0.103624)  time: 1.018599  data: 0.895182  max mem: 498
Epoch: [0]  [1060/1463]  eta: 0:07:02  lr: 0.000250  loss: 0.055954 (0.102958)  time: 0.985235  data: 0.863584  max mem: 498
Epoch: [0]  [1080/1463]  eta: 0:06:40  lr: 0.000250  loss: 0.042998 (0.102057)  time: 1.021346  data: 0.901168  max mem: 498
Epoch: [0]  [1100/1463]  eta: 0:06:19  lr: 0.000250  loss: 0.070282 (0.101866)  time: 1.032856  data: 0.913820  max mem: 498
Epoch: [0]  [1120/1463]  eta: 0:05:59  lr: 0.000250  loss: 0.030607 (0.101009)  time: 1.052846  data: 0.927891  max mem: 498
Epoch: [0]  [1140/1463]  eta: 0:05:38  lr: 0.000250  loss: 0.054003 (0.100616)  time: 1.030882  data: 0.910468  max mem: 498
Epoch: [0]  [1160/1463]  eta: 0:05:17  lr: 0.000250  loss: 0.066892 (0.100203)  time: 1.034492  data: 0.911870  max mem: 498
Epoch: [0]  [1180/1463]  eta: 0:04:56  lr: 0.000250  loss: 0.052470 (0.099563)  time: 1.048541  data: 0.927294  max mem: 498
Epoch: [0]  [1200/1463]  eta: 0:04:35  lr: 0.000250  loss: 0.066587 (0.099168)  time: 1.062119  data: 0.938365  max mem: 498
Epoch: [0]  [1220/1463]  eta: 0:04:14  lr: 0.000250  loss: 0.042051 (0.098430)  time: 1.055716  data: 0.934344  max mem: 498
Epoch: [0]  [1240/1463]  eta: 0:03:53  lr: 0.000250  loss: 0.050334 (0.097799)  time: 1.056796  data: 0.934055  max mem: 498
Epoch: [0]  [1260/1463]  eta: 0:03:32  lr: 0.000250  loss: 0.031057 (0.097047)  time: 1.120638  data: 1.000177  max mem: 498
Epoch: [0]  [1280/1463]  eta: 0:03:11  lr: 0.000250  loss: 0.048744 (0.096530)  time: 0.995640  data: 0.875587  max mem: 498
Epoch: [0]  [1300/1463]  eta: 0:02:50  lr: 0.000250  loss: 0.039715 (0.095991)  time: 1.033908  data: 0.914723  max mem: 498
Epoch: [0]  [1320/1463]  eta: 0:02:29  lr: 0.000250  loss: 0.051655 (0.095529)  time: 1.017432  data: 0.892548  max mem: 498
Epoch: [0]  [1340/1463]  eta: 0:02:08  lr: 0.000250  loss: 0.047713 (0.095093)  time: 1.085385  data: 0.960684  max mem: 498
Epoch: [0]  [1360/1463]  eta: 0:01:47  lr: 0.000250  loss: 0.028169 (0.094369)  time: 1.043243  data: 0.920607  max mem: 498
Epoch: [0]  [1380/1463]  eta: 0:01:26  lr: 0.000250  loss: 0.024068 (0.093487)  time: 1.013420  data: 0.893272  max mem: 498
Epoch: [0]  [1400/1463]  eta: 0:01:05  lr: 0.000250  loss: 0.044792 (0.092977)  time: 1.087338  data: 0.963377  max mem: 498
Epoch: [0]  [1420/1463]  eta: 0:00:45  lr: 0.000250  loss: 0.028050 (0.092410)  time: 1.073203  data: 0.953550  max mem: 498
Epoch: [0]  [1440/1463]  eta: 0:00:24  lr: 0.000250  loss: 0.036869 (0.091978)  time: 1.113054  data: 0.990597  max mem: 498
Epoch: [0]  [1460/1463]  eta: 0:00:03  lr: 0.000250  loss: 0.044259 (0.091609)  time: 1.059299  data: 0.938105  max mem: 498
Epoch: [0]  [1462/1463]  eta: 0:00:01  lr: 0.000250  loss: 0.041471 (0.091519)  time: 1.027894  data: 0.911589  max mem: 498
Epoch: [0] Total time: 0:25:33 (1.048396 s / it)
Averaged stats: lr: 0.000250  loss: 0.041471 (0.091519)
Test:  [ 0/57]  eta: 0:01:02  loss: 0.002673 (0.002673)  acc1: 100.000000 (100.000000)  acc5: 100.000000 (100.000000)  time: 1.095822  data: 0.978279  max mem: 498
Test:  [ 5/57]  eta: 0:00:56  loss: 0.004830 (0.005825)  acc1: 100.000000 (100.000000)  acc5: 100.000000 (100.000000)  time: 1.084549  data: 0.959270  max mem: 498
Test:  [10/57]  eta: 0:00:52  loss: 0.005375 (0.016926)  acc1: 100.000000 (99.857955)  acc5: 100.000000 (100.000000)  time: 1.108818  data: 0.984327  max mem: 498
Test:  [15/57]  eta: 0:00:45  loss: 0.007223 (0.039615)  acc1: 100.000000 (99.218750)  acc5: 100.000000 (100.000000)  time: 1.093243  data: 0.970748  max mem: 498
Test:  [20/57]  eta: 0:00:40  loss: 0.021182 (0.061247)  acc1: 98.437500 (98.139881)  acc5: 100.000000 (100.000000)  time: 1.084808  data: 0.963219  max mem: 498
Test:  [25/57]  eta: 0:00:35  loss: 0.075106 (0.083882)  acc1: 96.875000 (97.475962)  acc5: 100.000000 (100.000000)  time: 1.099683  data: 0.978959  max mem: 498
Test:  [30/57]  eta: 0:00:29  loss: 0.066460 (0.071793)  acc1: 96.875000 (97.832661)  acc5: 100.000000 (100.000000)  time: 1.079404  data: 0.960102  max mem: 498
Test:  [35/57]  eta: 0:00:23  loss: 0.110884 (0.079550)  acc1: 96.875000 (97.612847)  acc5: 100.000000 (100.000000)  time: 1.083545  data: 0.964215  max mem: 498
Test:  [40/57]  eta: 0:00:18  loss: 0.027278 (0.074273)  acc1: 98.437500 (97.751524)  acc5: 100.000000 (100.000000)  time: 1.101367  data: 0.981931  max mem: 498
Test:  [45/57]  eta: 0:00:13  loss: 0.022474 (0.071591)  acc1: 98.437500 (97.758152)  acc5: 100.000000 (100.000000)  time: 1.098019  data: 0.979878  max mem: 498
Test:  [50/57]  eta: 0:00:07  loss: 0.057620 (0.075605)  acc1: 98.437500 (97.702206)  acc5: 100.000000 (100.000000)  time: 1.110546  data: 0.990224  max mem: 498
Test:  [55/57]  eta: 0:00:02  loss: 0.057620 (0.084273)  acc1: 98.437500 (97.488839)  acc5: 100.000000 (100.000000)  time: 1.134679  data: 1.014543  max mem: 498
Test:  [56/57]  eta: 0:00:01  loss: 0.057620 (0.084408)  acc1: 98.437500 (97.472222)  acc5: 100.000000 (100.000000)  time: 1.097431  data: 0.981665  max mem: 498
Test: Total time: 0:01:02 (1.090281 s / it)
* Acc@1 97.472 Acc@5 100.000 loss 0.084
Accuracy at epoch 0 of the network on the 57 test images: 97.5%
Max accuracy so far: 97.47%
Epoch: [1]  [   0/1463]  eta: 0:27:20  lr: 0.000244  loss: 0.237174 (0.237174)  time: 1.121636  data: 1.003942  max mem: 498
Epoch: [1]  [  20/1463]  eta: 0:25:18  lr: 0.000244  loss: 0.028249 (0.059991)  time: 1.049110  data: 0.927880  max mem: 498
Epoch: [1]  [  40/1463]  eta: 0:24:51  lr: 0.000244  loss: 0.030753 (0.051226)  time: 1.043833  data: 0.922238  max mem: 498
Epoch: [1]  [  60/1463]  eta: 0:24:28  lr: 0.000244  loss: 0.033967 (0.051381)  time: 1.042639  data: 0.919966  max mem: 498
Epoch: [1]  [  80/1463]  eta: 0:24:07  lr: 0.000244  loss: 0.023510 (0.050064)  time: 1.048629  data: 0.927604  max mem: 498
Epoch: [1]  [ 100/1463]  eta: 0:23:36  lr: 0.000244  loss: 0.028654 (0.049516)  time: 1.009686  data: 0.883403  max mem: 498
Epoch: [1]  [ 120/1463]  eta: 0:23:12  lr: 0.000244  loss: 0.041236 (0.052214)  time: 1.024869  data: 0.906977  max mem: 498
Epoch: [1]  [ 140/1463]  eta: 0:22:47  lr: 0.000244  loss: 0.040901 (0.053178)  time: 1.014582  data: 0.893006  max mem: 498
Epoch: [1]  [ 160/1463]  eta: 0:22:23  lr: 0.000244  loss: 0.038242 (0.053909)  time: 1.008358  data: 0.889361  max mem: 498
Epoch: [1]  [ 180/1463]  eta: 0:22:08  lr: 0.000244  loss: 0.034841 (0.052981)  time: 1.073051  data: 0.950544  max mem: 498
Epoch: [1]  [ 200/1463]  eta: 0:21:49  lr: 0.000244  loss: 0.020332 (0.053289)  time: 1.048240  data: 0.922826  max mem: 498
Epoch: [1]  [ 220/1463]  eta: 0:21:31  lr: 0.000244  loss: 0.014750 (0.051742)  time: 1.059371  data: 0.934494  max mem: 498
Epoch: [1]  [ 240/1463]  eta: 0:21:08  lr: 0.000244  loss: 0.059037 (0.052600)  time: 1.018692  data: 0.899220  max mem: 498
Epoch: [1]  [ 260/1463]  eta: 0:20:44  lr: 0.000244  loss: 0.052892 (0.052980)  time: 1.001367  data: 0.881742  max mem: 498
Epoch: [1]  [ 280/1463]  eta: 0:20:20  lr: 0.000244  loss: 0.037956 (0.053997)  time: 0.994260  data: 0.868629  max mem: 498
Epoch: [1]  [ 300/1463]  eta: 0:20:02  lr: 0.000244  loss: 0.070191 (0.054756)  time: 1.066788  data: 0.942642  max mem: 498
Epoch: [1]  [ 320/1463]  eta: 0:19:44  lr: 0.000244  loss: 0.036981 (0.054623)  time: 1.074009  data: 0.951619  max mem: 498
Epoch: [1]  [ 340/1463]  eta: 0:19:26  lr: 0.000244  loss: 0.036004 (0.054200)  time: 1.072990  data: 0.952075  max mem: 498
Epoch: [1]  [ 360/1463]  eta: 0:19:05  lr: 0.000244  loss: 0.023745 (0.053224)  time: 1.031806  data: 0.906365  max mem: 498
Epoch: [1]  [ 380/1463]  eta: 0:18:42  lr: 0.000244  loss: 0.024988 (0.052807)  time: 1.011827  data: 0.891942  max mem: 498
Epoch: [1]  [ 400/1463]  eta: 0:18:22  lr: 0.000244  loss: 0.024593 (0.052234)  time: 1.046673  data: 0.926484  max mem: 498
Epoch: [1]  [ 420/1463]  eta: 0:18:01  lr: 0.000244  loss: 0.034956 (0.051893)  time: 1.035104  data: 0.916387  max mem: 498
Epoch: [1]  [ 440/1463]  eta: 0:17:41  lr: 0.000244  loss: 0.032079 (0.051635)  time: 1.052330  data: 0.927704  max mem: 498
Epoch: [1]  [ 460/1463]  eta: 0:17:17  lr: 0.000244  loss: 0.021125 (0.050979)  time: 0.951585  data: 0.831737  max mem: 498
Epoch: [1]  [ 480/1463]  eta: 0:16:53  lr: 0.000244  loss: 0.046939 (0.051012)  time: 0.955244  data: 0.834619  max mem: 498
Epoch: [1]  [ 500/1463]  eta: 0:16:27  lr: 0.000244  loss: 0.045977 (0.051035)  time: 0.901515  data: 0.783467  max mem: 498
Epoch: [1]  [ 520/1463]  eta: 0:16:03  lr: 0.000244  loss: 0.029311 (0.050699)  time: 0.922244  data: 0.803135  max mem: 498
Epoch: [1]  [ 540/1463]  eta: 0:15:39  lr: 0.000244  loss: 0.020518 (0.049883)  time: 0.922485  data: 0.804776  max mem: 498
Epoch: [1]  [ 560/1463]  eta: 0:15:16  lr: 0.000244  loss: 0.032938 (0.049586)  time: 0.926506  data: 0.807453  max mem: 498
Epoch: [1]  [ 580/1463]  eta: 0:14:52  lr: 0.000244  loss: 0.064025 (0.049946)  time: 0.908052  data: 0.789848  max mem: 498
Epoch: [1]  [ 600/1463]  eta: 0:14:30  lr: 0.000244  loss: 0.059536 (0.050391)  time: 0.937684  data: 0.818088  max mem: 498
Epoch: [1]  [ 620/1463]  eta: 0:14:08  lr: 0.000244  loss: 0.052836 (0.050562)  time: 0.946109  data: 0.824257  max mem: 498
Epoch: [1]  [ 640/1463]  eta: 0:13:45  lr: 0.000244  loss: 0.035782 (0.050947)  time: 0.903779  data: 0.785331  max mem: 498
Epoch: [1]  [ 660/1463]  eta: 0:13:24  lr: 0.000244  loss: 0.034532 (0.051378)  time: 0.951871  data: 0.830239  max mem: 498
Epoch: [1]  [ 680/1463]  eta: 0:13:02  lr: 0.000244  loss: 0.038311 (0.051416)  time: 0.906265  data: 0.786888  max mem: 498
Epoch: [1]  [ 700/1463]  eta: 0:12:40  lr: 0.000244  loss: 0.029483 (0.051755)  time: 0.928361  data: 0.808874  max mem: 498
Epoch: [1]  [ 720/1463]  eta: 0:12:19  lr: 0.000244  loss: 0.055848 (0.052023)  time: 0.927266  data: 0.807977  max mem: 498
Epoch: [1]  [ 740/1463]  eta: 0:11:58  lr: 0.000244  loss: 0.036882 (0.051877)  time: 0.926545  data: 0.806911  max mem: 498
Epoch: [1]  [ 760/1463]  eta: 0:11:36  lr: 0.000244  loss: 0.026798 (0.051670)  time: 0.913469  data: 0.795086  max mem: 498
Epoch: [1]  [ 780/1463]  eta: 0:11:16  lr: 0.000244  loss: 0.057720 (0.052055)  time: 0.961146  data: 0.840817  max mem: 498
Epoch: [1]  [ 800/1463]  eta: 0:10:55  lr: 0.000244  loss: 0.031224 (0.052266)  time: 0.901943  data: 0.783630  max mem: 498
Epoch: [1]  [ 820/1463]  eta: 0:10:34  lr: 0.000244  loss: 0.031079 (0.052247)  time: 0.921185  data: 0.803105  max mem: 498
Epoch: [1]  [ 840/1463]  eta: 0:10:13  lr: 0.000244  loss: 0.017654 (0.052018)  time: 0.936696  data: 0.815251  max mem: 498
Epoch: [1]  [ 860/1463]  eta: 0:09:53  lr: 0.000244  loss: 0.019236 (0.051889)  time: 0.926979  data: 0.809023  max mem: 498
Epoch: [1]  [ 880/1463]  eta: 0:09:32  lr: 0.000244  loss: 0.053448 (0.051954)  time: 0.931396  data: 0.810655  max mem: 498
Epoch: [1]  [ 900/1463]  eta: 0:09:12  lr: 0.000244  loss: 0.050065 (0.052201)  time: 0.917915  data: 0.798229  max mem: 498
Epoch: [1]  [ 920/1463]  eta: 0:08:52  lr: 0.000244  loss: 0.028276 (0.052008)  time: 0.933659  data: 0.815473  max mem: 498
Epoch: [1]  [ 940/1463]  eta: 0:08:32  lr: 0.000244  loss: 0.034202 (0.052091)  time: 0.920952  data: 0.801760  max mem: 498
Epoch: [1]  [ 960/1463]  eta: 0:08:12  lr: 0.000244  loss: 0.032234 (0.052256)  time: 0.937854  data: 0.819675  max mem: 498
Epoch: [1]  [ 980/1463]  eta: 0:07:52  lr: 0.000244  loss: 0.045713 (0.052658)  time: 0.967993  data: 0.847013  max mem: 498
Epoch: [1]  [1000/1463]  eta: 0:07:32  lr: 0.000244  loss: 0.033487 (0.052706)  time: 0.931702  data: 0.811885  max mem: 498
Epoch: [1]  [1020/1463]  eta: 0:07:12  lr: 0.000244  loss: 0.035588 (0.052577)  time: 0.961892  data: 0.841099  max mem: 498
Epoch: [1]  [1040/1463]  eta: 0:06:52  lr: 0.000244  loss: 0.034075 (0.052446)  time: 0.932617  data: 0.814337  max mem: 498
Epoch: [1]  [1060/1463]  eta: 0:06:33  lr: 0.000244  loss: 0.059239 (0.052925)  time: 0.969647  data: 0.851173  max mem: 498
Epoch: [1]  [1080/1463]  eta: 0:06:13  lr: 0.000244  loss: 0.031804 (0.052800)  time: 0.931388  data: 0.813291  max mem: 498
Epoch: [1]  [1100/1463]  eta: 0:05:53  lr: 0.000244  loss: 0.042522 (0.052787)  time: 0.930437  data: 0.809885  max mem: 498
Epoch: [1]  [1120/1463]  eta: 0:05:33  lr: 0.000244  loss: 0.066926 (0.053314)  time: 0.938898  data: 0.820242  max mem: 498
Epoch: [1]  [1140/1463]  eta: 0:05:14  lr: 0.000244  loss: 0.029374 (0.053475)  time: 0.967472  data: 0.843208  max mem: 498
Epoch: [1]  [1160/1463]  eta: 0:04:54  lr: 0.000244  loss: 0.027168 (0.053250)  time: 0.924206  data: 0.806154  max mem: 498
Epoch: [1]  [1180/1463]  eta: 0:04:35  lr: 0.000244  loss: 0.028839 (0.053125)  time: 0.941303  data: 0.821396  max mem: 498
Epoch: [1]  [1200/1463]  eta: 0:04:15  lr: 0.000244  loss: 0.062062 (0.053183)  time: 0.945564  data: 0.823719  max mem: 498
Epoch: [1]  [1220/1463]  eta: 0:03:55  lr: 0.000244  loss: 0.032565 (0.053271)  time: 0.928815  data: 0.809227  max mem: 498
Epoch: [1]  [1240/1463]  eta: 0:03:36  lr: 0.000244  loss: 0.021848 (0.052869)  time: 0.920290  data: 0.800999  max mem: 498
Epoch: [1]  [1260/1463]  eta: 0:03:16  lr: 0.000244  loss: 0.027333 (0.052835)  time: 0.923107  data: 0.805168  max mem: 498
Epoch: [1]  [1280/1463]  eta: 0:02:57  lr: 0.000244  loss: 0.021303 (0.052504)  time: 0.929005  data: 0.808691  max mem: 498
Epoch: [1]  [1300/1463]  eta: 0:02:37  lr: 0.000244  loss: 0.023655 (0.052254)  time: 0.914117  data: 0.795852  max mem: 498
Epoch: [1]  [1320/1463]  eta: 0:02:18  lr: 0.000244  loss: 0.038455 (0.052331)  time: 0.931763  data: 0.812141  max mem: 498
Epoch: [1]  [1340/1463]  eta: 0:01:58  lr: 0.000244  loss: 0.038629 (0.052234)  time: 0.929467  data: 0.811037  max mem: 498
Epoch: [1]  [1360/1463]  eta: 0:01:39  lr: 0.000244  loss: 0.015963 (0.051904)  time: 0.972534  data: 0.852814  max mem: 498
Epoch: [1]  [1380/1463]  eta: 0:01:20  lr: 0.000244  loss: 0.016942 (0.051581)  time: 0.932025  data: 0.812410  max mem: 498
Epoch: [1]  [1400/1463]  eta: 0:01:00  lr: 0.000244  loss: 0.018357 (0.051622)  time: 0.919582  data: 0.797291  max mem: 498
Epoch: [1]  [1420/1463]  eta: 0:00:41  lr: 0.000244  loss: 0.026289 (0.051648)  time: 0.942626  data: 0.822738  max mem: 498
Epoch: [1]  [1440/1463]  eta: 0:00:22  lr: 0.000244  loss: 0.039156 (0.051667)  time: 0.929586  data: 0.807902  max mem: 498
Epoch: [1]  [1460/1463]  eta: 0:00:02  lr: 0.000244  loss: 0.027471 (0.051634)  time: 0.966868  data: 0.846916  max mem: 498
Epoch: [1]  [1462/1463]  eta: 0:00:00  lr: 0.000244  loss: 0.024868 (0.051593)  time: 0.930445  data: 0.815305  max mem: 498
Epoch: [1] Total time: 0:23:31 (0.964614 s / it)
Averaged stats: lr: 0.000244  loss: 0.024868 (0.051593)
Test:  [ 0/57]  eta: 0:00:53  loss: 0.003544 (0.003544)  acc1: 100.000000 (100.000000)  acc5: 100.000000 (100.000000)  time: 0.931938  data: 0.813597  max mem: 498
Test:  [ 5/57]  eta: 0:00:50  loss: 0.003592 (0.005093)  acc1: 100.000000 (100.000000)  acc5: 100.000000 (100.000000)  time: 0.962915  data: 0.840992  max mem: 498
Test:  [10/57]  eta: 0:00:45  loss: 0.005024 (0.016567)  acc1: 100.000000 (99.857955)  acc5: 100.000000 (100.000000)  time: 0.967789  data: 0.847700  max mem: 498
Test:  [15/57]  eta: 0:00:40  loss: 0.006128 (0.031422)  acc1: 100.000000 (99.414062)  acc5: 100.000000 (100.000000)  time: 0.965337  data: 0.846011  max mem: 498
Test:  [20/57]  eta: 0:00:35  loss: 0.013937 (0.058425)  acc1: 100.000000 (98.139881)  acc5: 100.000000 (100.000000)  time: 0.963844  data: 0.843472  max mem: 498
Test:  [25/57]  eta: 0:00:30  loss: 0.050037 (0.088270)  acc1: 96.875000 (97.115385)  acc5: 100.000000 (100.000000)  time: 0.964772  data: 0.845612  max mem: 498
Test:  [30/57]  eta: 0:00:26  loss: 0.040571 (0.076253)  acc1: 96.875000 (97.530242)  acc5: 100.000000 (100.000000)  time: 0.964566  data: 0.844205  max mem: 498
Test:  [35/57]  eta: 0:00:21  loss: 0.093463 (0.082060)  acc1: 96.875000 (97.395833)  acc5: 100.000000 (100.000000)  time: 0.978489  data: 0.858019  max mem: 498
Test:  [40/57]  eta: 0:00:16  loss: 0.045433 (0.077270)  acc1: 98.437500 (97.560976)  acc5: 100.000000 (100.000000)  time: 1.005796  data: 0.885725  max mem: 498
Test:  [45/57]  eta: 0:00:11  loss: 0.023666 (0.072903)  acc1: 98.437500 (97.656250)  acc5: 100.000000 (100.000000)  time: 1.005213  data: 0.884062  max mem: 498
Test:  [50/57]  eta: 0:00:06  loss: 0.054629 (0.072929)  acc1: 98.437500 (97.732843)  acc5: 100.000000 (100.000000)  time: 0.987682  data: 0.867813  max mem: 498
Test:  [55/57]  eta: 0:00:01  loss: 0.054629 (0.078906)  acc1: 98.437500 (97.600446)  acc5: 100.000000 (100.000000)  time: 0.977303  data: 0.856238  max mem: 498
Test:  [56/57]  eta: 0:00:00  loss: 0.045433 (0.078273)  acc1: 98.437500 (97.611111)  acc5: 100.000000 (100.000000)  time: 0.938929  data: 0.822166  max mem: 498
Test: Total time: 0:00:54 (0.961489 s / it)
* Acc@1 97.611 Acc@5 100.000 loss 0.078
Accuracy at epoch 1 of the network on the 57 test images: 97.6%
Max accuracy so far: 97.61%
Epoch: [2]  [   0/1463]  eta: 0:21:07  lr: 0.000226  loss: 0.064190 (0.064190)  time: 0.866622  data: 0.748105  max mem: 498
Epoch: [2]  [  20/1463]  eta: 0:21:46  lr: 0.000226  loss: 0.019696 (0.026184)  time: 0.907599  data: 0.789459  max mem: 498
Epoch: [2]  [  40/1463]  eta: 0:21:51  lr: 0.000226  loss: 0.027691 (0.032708)  time: 0.938561  data: 0.819638  max mem: 498
Epoch: [2]  [  60/1463]  eta: 0:21:37  lr: 0.000226  loss: 0.033993 (0.036815)  time: 0.931396  data: 0.811818  max mem: 498
Epoch: [2]  [  80/1463]  eta: 0:21:25  lr: 0.000226  loss: 0.029844 (0.036850)  time: 0.942834  data: 0.820640  max mem: 498
Epoch: [2]  [ 100/1463]  eta: 0:21:06  lr: 0.000226  loss: 0.013319 (0.036315)  time: 0.927097  data: 0.806417  max mem: 498
Epoch: [2]  [ 120/1463]  eta: 0:20:41  lr: 0.000226  loss: 0.032788 (0.039221)  time: 0.899966  data: 0.781939  max mem: 498
Epoch: [2]  [ 140/1463]  eta: 0:20:20  lr: 0.000226  loss: 0.026719 (0.038043)  time: 0.913053  data: 0.794096  max mem: 498
Epoch: [2]  [ 160/1463]  eta: 0:20:00  lr: 0.000226  loss: 0.031101 (0.041266)  time: 0.914553  data: 0.795451  max mem: 498
Epoch: [2]  [ 180/1463]  eta: 0:19:41  lr: 0.000226  loss: 0.023112 (0.039394)  time: 0.916150  data: 0.798223  max mem: 498
Epoch: [2]  [ 200/1463]  eta: 0:19:24  lr: 0.000226  loss: 0.041716 (0.041007)  time: 0.930034  data: 0.811280  max mem: 498
Epoch: [2]  [ 220/1463]  eta: 0:19:07  lr: 0.000226  loss: 0.043927 (0.042828)  time: 0.933670  data: 0.816089  max mem: 498
Epoch: [2]  [ 240/1463]  eta: 0:18:47  lr: 0.000226  loss: 0.025709 (0.042793)  time: 0.914110  data: 0.795432  max mem: 498
Epoch: [2]  [ 260/1463]  eta: 0:18:29  lr: 0.000226  loss: 0.021245 (0.041952)  time: 0.925974  data: 0.803945  max mem: 498
Epoch: [2]  [ 280/1463]  eta: 0:18:11  lr: 0.000226  loss: 0.054539 (0.043196)  time: 0.925552  data: 0.805159  max mem: 498
Epoch: [2]  [ 300/1463]  eta: 0:17:53  lr: 0.000226  loss: 0.028185 (0.042988)  time: 0.924791  data: 0.805433  max mem: 498
Epoch: [2]  [ 320/1463]  eta: 0:17:35  lr: 0.000226  loss: 0.039519 (0.043151)  time: 0.928015  data: 0.808328  max mem: 498
Epoch: [2]  [ 340/1463]  eta: 0:17:16  lr: 0.000226  loss: 0.039739 (0.043757)  time: 0.924086  data: 0.805771  max mem: 498
Epoch: [2]  [ 360/1463]  eta: 0:17:00  lr: 0.000226  loss: 0.022951 (0.043951)  time: 0.951947  data: 0.829912  max mem: 498
Epoch: [2]  [ 380/1463]  eta: 0:16:41  lr: 0.000226  loss: 0.027623 (0.043917)  time: 0.927446  data: 0.809635  max mem: 498
Epoch: [2]  [ 400/1463]  eta: 0:16:22  lr: 0.000226  loss: 0.024170 (0.043244)  time: 0.913746  data: 0.794656  max mem: 498
Epoch: [2]  [ 420/1463]  eta: 0:16:03  lr: 0.000226  loss: 0.030046 (0.043250)  time: 0.917625  data: 0.800106  max mem: 498
Epoch: [2]  [ 440/1463]  eta: 0:15:44  lr: 0.000226  loss: 0.027667 (0.043101)  time: 0.912916  data: 0.794029  max mem: 498
Epoch: [2]  [ 460/1463]  eta: 0:15:26  lr: 0.000226  loss: 0.020517 (0.043665)  time: 0.923714  data: 0.804905  max mem: 498
Epoch: [2]  [ 480/1463]  eta: 0:15:07  lr: 0.000226  loss: 0.036537 (0.043495)  time: 0.922490  data: 0.803065  max mem: 498
Epoch: [2]  [ 500/1463]  eta: 0:14:49  lr: 0.000226  loss: 0.024602 (0.043100)  time: 0.938918  data: 0.820445  max mem: 498
Epoch: [2]  [ 520/1463]  eta: 0:14:31  lr: 0.000226  loss: 0.027300 (0.042953)  time: 0.922789  data: 0.802942  max mem: 498
Epoch: [2]  [ 540/1463]  eta: 0:14:14  lr: 0.000226  loss: 0.025298 (0.042722)  time: 0.957986  data: 0.840371  max mem: 498
Epoch: [2]  [ 560/1463]  eta: 0:13:54  lr: 0.000226  loss: 0.031931 (0.042582)  time: 0.906673  data: 0.787100  max mem: 498
Epoch: [2]  [ 580/1463]  eta: 0:13:37  lr: 0.000226  loss: 0.035205 (0.042956)  time: 0.945558  data: 0.825391  max mem: 498
Epoch: [2]  [ 600/1463]  eta: 0:13:19  lr: 0.000226  loss: 0.028836 (0.043714)  time: 0.960098  data: 0.838528  max mem: 498
Epoch: [2]  [ 620/1463]  eta: 0:13:01  lr: 0.000226  loss: 0.047407 (0.044342)  time: 0.952542  data: 0.835062  max mem: 498
Epoch: [2]  [ 640/1463]  eta: 0:12:43  lr: 0.000226  loss: 0.051724 (0.044984)  time: 0.939682  data: 0.819703  max mem: 498
Epoch: [2]  [ 660/1463]  eta: 0:12:25  lr: 0.000226  loss: 0.036283 (0.045206)  time: 0.928870  data: 0.809696  max mem: 498
Epoch: [2]  [ 680/1463]  eta: 0:12:06  lr: 0.000226  loss: 0.032967 (0.045762)  time: 0.924894  data: 0.807047  max mem: 498
Epoch: [2]  [ 700/1463]  eta: 0:11:48  lr: 0.000226  loss: 0.025158 (0.045690)  time: 0.948928  data: 0.829790  max mem: 498
Epoch: [2]  [ 720/1463]  eta: 0:11:29  lr: 0.000226  loss: 0.022045 (0.045605)  time: 0.896969  data: 0.777821  max mem: 498
Epoch: [2]  [ 740/1463]  eta: 0:11:11  lr: 0.000226  loss: 0.025049 (0.045807)  time: 0.965728  data: 0.846951  max mem: 498
Epoch: [2]  [ 760/1463]  eta: 0:10:53  lr: 0.000226  loss: 0.014105 (0.045379)  time: 0.958264  data: 0.835273  max mem: 498
Epoch: [2]  [ 780/1463]  eta: 0:10:35  lr: 0.000226  loss: 0.025323 (0.045393)  time: 0.954410  data: 0.835179  max mem: 498
Epoch: [2]  [ 800/1463]  eta: 0:10:16  lr: 0.000226  loss: 0.027501 (0.045497)  time: 0.932400  data: 0.812318  max mem: 498
Epoch: [2]  [ 820/1463]  eta: 0:09:57  lr: 0.000226  loss: 0.022885 (0.045582)  time: 0.924402  data: 0.804137  max mem: 498
Epoch: [2]  [ 840/1463]  eta: 0:09:39  lr: 0.000226  loss: 0.039035 (0.045797)  time: 0.919860  data: 0.802335  max mem: 498
Epoch: [2]  [ 860/1463]  eta: 0:09:20  lr: 0.000226  loss: 0.031793 (0.045816)  time: 0.909651  data: 0.790891  max mem: 498
Epoch: [2]  [ 880/1463]  eta: 0:09:01  lr: 0.000226  loss: 0.021663 (0.045859)  time: 0.911818  data: 0.793760  max mem: 498
Epoch: [2]  [ 900/1463]  eta: 0:08:42  lr: 0.000226  loss: 0.039201 (0.046073)  time: 0.923912  data: 0.801406  max mem: 498
Epoch: [2]  [ 920/1463]  eta: 0:08:24  lr: 0.000226  loss: 0.008254 (0.045515)  time: 0.950923  data: 0.830531  max mem: 498
Epoch: [2]  [ 940/1463]  eta: 0:08:05  lr: 0.000226  loss: 0.029484 (0.045716)  time: 0.893889  data: 0.775266  max mem: 498
Epoch: [2]  [ 960/1463]  eta: 0:07:47  lr: 0.000226  loss: 0.032489 (0.045926)  time: 0.938688  data: 0.819761  max mem: 498
Epoch: [2]  [ 980/1463]  eta: 0:07:28  lr: 0.000226  loss: 0.026427 (0.045940)  time: 0.891356  data: 0.770973  max mem: 498
Epoch: [2]  [1000/1463]  eta: 0:07:09  lr: 0.000226  loss: 0.026345 (0.045946)  time: 0.901970  data: 0.781858  max mem: 498
Epoch: [2]  [1020/1463]  eta: 0:06:50  lr: 0.000226  loss: 0.027218 (0.045808)  time: 0.909589  data: 0.790540  max mem: 498
Epoch: [2]  [1040/1463]  eta: 0:06:32  lr: 0.000226  loss: 0.034853 (0.045982)  time: 0.961618  data: 0.842742  max mem: 498
Epoch: [2]  [1060/1463]  eta: 0:06:13  lr: 0.000226  loss: 0.025572 (0.046166)  time: 0.897337  data: 0.779463  max mem: 498
Epoch: [2]  [1080/1463]  eta: 0:05:54  lr: 0.000226  loss: 0.040522 (0.046303)  time: 0.912481  data: 0.793568  max mem: 498
Epoch: [2]  [1100/1463]  eta: 0:05:36  lr: 0.000226  loss: 0.026441 (0.046461)  time: 0.898900  data: 0.781037  max mem: 498
Epoch: [2]  [1120/1463]  eta: 0:05:17  lr: 0.000226  loss: 0.022682 (0.046408)  time: 0.905015  data: 0.786965  max mem: 498
Epoch: [2]  [1140/1463]  eta: 0:04:59  lr: 0.000226  loss: 0.018030 (0.046248)  time: 0.934353  data: 0.815225  max mem: 498
Epoch: [2]  [1160/1463]  eta: 0:04:40  lr: 0.000226  loss: 0.030235 (0.046180)  time: 0.915767  data: 0.798477  max mem: 498
Epoch: [2]  [1180/1463]  eta: 0:04:21  lr: 0.000226  loss: 0.038878 (0.046300)  time: 0.899183  data: 0.781243  max mem: 498
Epoch: [2]  [1200/1463]  eta: 0:04:03  lr: 0.000226  loss: 0.029080 (0.046314)  time: 0.918532  data: 0.799405  max mem: 498
Epoch: [2]  [1220/1463]  eta: 0:03:44  lr: 0.000226  loss: 0.027205 (0.046099)  time: 0.953840  data: 0.833724  max mem: 498
Epoch: [2]  [1240/1463]  eta: 0:03:26  lr: 0.000226  loss: 0.025621 (0.046011)  time: 0.885681  data: 0.767663  max mem: 498
Epoch: [2]  [1260/1463]  eta: 0:03:07  lr: 0.000226  loss: 0.028288 (0.045976)  time: 0.918751  data: 0.800764  max mem: 498
Epoch: [2]  [1280/1463]  eta: 0:02:49  lr: 0.000226  loss: 0.040217 (0.046148)  time: 0.925836  data: 0.807079  max mem: 498
Epoch: [2]  [1300/1463]  eta: 0:02:30  lr: 0.000226  loss: 0.043289 (0.046212)  time: 0.918389  data: 0.799861  max mem: 498
Epoch: [2]  [1320/1463]  eta: 0:02:12  lr: 0.000226  loss: 0.031479 (0.046332)  time: 0.944780  data: 0.825455  max mem: 498
Epoch: [2]  [1340/1463]  eta: 0:01:53  lr: 0.000226  loss: 0.015288 (0.046091)  time: 0.899356  data: 0.780653  max mem: 498
Epoch: [2]  [1360/1463]  eta: 0:01:35  lr: 0.000226  loss: 0.032913 (0.045963)  time: 0.919173  data: 0.801525  max mem: 498
Epoch: [2]  [1380/1463]  eta: 0:01:16  lr: 0.000226  loss: 0.014739 (0.045646)  time: 0.938160  data: 0.819374  max mem: 498
Epoch: [2]  [1400/1463]  eta: 0:00:58  lr: 0.000226  loss: 0.035604 (0.045608)  time: 0.931207  data: 0.810372  max mem: 498
Epoch: [2]  [1420/1463]  eta: 0:00:39  lr: 0.000226  loss: 0.017225 (0.045357)  time: 0.906662  data: 0.788375  max mem: 498
Epoch: [2]  [1440/1463]  eta: 0:00:21  lr: 0.000226  loss: 0.026560 (0.045393)  time: 0.898918  data: 0.778558  max mem: 498
Epoch: [2]  [1460/1463]  eta: 0:00:02  lr: 0.000226  loss: 0.018477 (0.045320)  time: 0.917578  data: 0.799795  max mem: 498
Epoch: [2]  [1462/1463]  eta: 0:00:00  lr: 0.000226  loss: 0.018477 (0.045381)  time: 0.887728  data: 0.773625  max mem: 498
Epoch: [2] Total time: 0:22:31 (0.924051 s / it)
Averaged stats: lr: 0.000226  loss: 0.018477 (0.045381)
Test:  [ 0/57]  eta: 0:00:47  loss: 0.002757 (0.002757)  acc1: 100.000000 (100.000000)  acc5: 100.000000 (100.000000)  time: 0.836020  data: 0.718728  max mem: 498
Test:  [ 5/57]  eta: 0:00:47  loss: 0.002757 (0.005959)  acc1: 100.000000 (99.739583)  acc5: 100.000000 (100.000000)  time: 0.922923  data: 0.805454  max mem: 498
Test:  [10/57]  eta: 0:00:44  loss: 0.005282 (0.017507)  acc1: 100.000000 (99.715909)  acc5: 100.000000 (100.000000)  time: 0.944259  data: 0.826549  max mem: 498
Test:  [15/57]  eta: 0:00:39  loss: 0.006260 (0.032317)  acc1: 100.000000 (99.316406)  acc5: 100.000000 (100.000000)  time: 0.939757  data: 0.821946  max mem: 498
Test:  [20/57]  eta: 0:00:35  loss: 0.019289 (0.049347)  acc1: 98.437500 (98.363095)  acc5: 100.000000 (100.000000)  time: 0.952246  data: 0.833329  max mem: 498
Test:  [25/57]  eta: 0:00:30  loss: 0.042053 (0.073608)  acc1: 96.875000 (97.596154)  acc5: 100.000000 (100.000000)  time: 0.960434  data: 0.841298  max mem: 498
Test:  [30/57]  eta: 0:00:26  loss: 0.037132 (0.063703)  acc1: 96.875000 (97.933468)  acc5: 100.000000 (100.000000)  time: 0.974391  data: 0.853369  max mem: 498
Test:  [35/57]  eta: 0:00:21  loss: 0.091347 (0.073184)  acc1: 96.875000 (97.743056)  acc5: 100.000000 (100.000000)  time: 0.983443  data: 0.861364  max mem: 498
Test:  [40/57]  eta: 0:00:16  loss: 0.037831 (0.070739)  acc1: 98.437500 (97.827744)  acc5: 100.000000 (100.000000)  time: 1.003984  data: 0.881900  max mem: 498
Test:  [45/57]  eta: 0:00:11  loss: 0.026308 (0.067223)  acc1: 98.437500 (97.894022)  acc5: 100.000000 (100.000000)  time: 0.999812  data: 0.877441  max mem: 498
Test:  [50/57]  eta: 0:00:06  loss: 0.053284 (0.069196)  acc1: 98.437500 (97.886029)  acc5: 100.000000 (100.000000)  time: 0.975216  data: 0.854802  max mem: 498
Test:  [55/57]  eta: 0:00:01  loss: 0.053284 (0.078801)  acc1: 98.437500 (97.656250)  acc5: 100.000000 (99.972098)  time: 0.987682  data: 0.865968  max mem: 498
Test:  [56/57]  eta: 0:00:00  loss: 0.050642 (0.078307)  acc1: 98.437500 (97.666667)  acc5: 100.000000 (99.972222)  time: 0.951223  data: 0.833423  max mem: 498
Test: Total time: 0:00:54 (0.959943 s / it)
* Acc@1 97.667 Acc@5 99.972 loss 0.078
Accuracy at epoch 2 of the network on the 57 test images: 97.7%
Max accuracy so far: 97.67%
Epoch: [3]  [   0/1463]  eta: 0:21:33  lr: 0.000198  loss: 0.083790 (0.083790)  time: 0.884302  data: 0.742895  max mem: 498
Epoch: [3]  [  20/1463]  eta: 0:22:13  lr: 0.000198  loss: 0.038471 (0.053918)  time: 0.926183  data: 0.807176  max mem: 498
Epoch: [3]  [  40/1463]  eta: 0:21:46  lr: 0.000198  loss: 0.030887 (0.048212)  time: 0.911908  data: 0.793403  max mem: 498
Epoch: [3]  [  60/1463]  eta: 0:21:26  lr: 0.000198  loss: 0.028294 (0.043546)  time: 0.915245  data: 0.796365  max mem: 498
Epoch: [3]  [  80/1463]  eta: 0:21:08  lr: 0.000198  loss: 0.011473 (0.044638)  time: 0.916287  data: 0.798277  max mem: 498
Epoch: [3]  [ 100/1463]  eta: 0:20:54  lr: 0.000198  loss: 0.029461 (0.045781)  time: 0.933482  data: 0.814608  max mem: 498
Epoch: [3]  [ 120/1463]  eta: 0:20:34  lr: 0.000198  loss: 0.026335 (0.044700)  time: 0.915753  data: 0.798044  max mem: 498
Epoch: [3]  [ 140/1463]  eta: 0:20:11  lr: 0.000198  loss: 0.019246 (0.044008)  time: 0.891428  data: 0.772506  max mem: 498
Epoch: [3]  [ 160/1463]  eta: 0:19:50  lr: 0.000198  loss: 0.008469 (0.042456)  time: 0.897476  data: 0.779404  max mem: 498
Epoch: [3]  [ 180/1463]  eta: 0:19:28  lr: 0.000198  loss: 0.023626 (0.041991)  time: 0.892406  data: 0.773646  max mem: 498
Epoch: [3]  [ 200/1463]  eta: 0:19:09  lr: 0.000198  loss: 0.046658 (0.042906)  time: 0.902858  data: 0.783429  max mem: 498
Epoch: [3]  [ 220/1463]  eta: 0:18:50  lr: 0.000198  loss: 0.035947 (0.042703)  time: 0.902890  data: 0.784198  max mem: 498
Epoch: [3]  [ 240/1463]  eta: 0:18:35  lr: 0.000198  loss: 0.016389 (0.041561)  time: 0.943787  data: 0.822738  max mem: 498
Epoch: [3]  [ 260/1463]  eta: 0:18:18  lr: 0.000198  loss: 0.022836 (0.040610)  time: 0.917250  data: 0.797568  max mem: 498
Epoch: [3]  [ 280/1463]  eta: 0:18:02  lr: 0.000198  loss: 0.030427 (0.040832)  time: 0.944595  data: 0.826738  max mem: 498
Epoch: [3]  [ 300/1463]  eta: 0:17:44  lr: 0.000198  loss: 0.040568 (0.041768)  time: 0.916262  data: 0.798256  max mem: 498
Epoch: [3]  [ 320/1463]  eta: 0:17:25  lr: 0.000198  loss: 0.027181 (0.041460)  time: 0.908985  data: 0.789442  max mem: 498
Epoch: [3]  [ 340/1463]  eta: 0:17:06  lr: 0.000198  loss: 0.016519 (0.040835)  time: 0.899511  data: 0.781556  max mem: 498
Epoch: [3]  [ 360/1463]  eta: 0:16:47  lr: 0.000198  loss: 0.017500 (0.040991)  time: 0.907267  data: 0.789363  max mem: 498
Epoch: [3]  [ 380/1463]  eta: 0:16:29  lr: 0.000198  loss: 0.028631 (0.040855)  time: 0.915557  data: 0.797723  max mem: 498
Epoch: [3]  [ 400/1463]  eta: 0:16:13  lr: 0.000198  loss: 0.030550 (0.040674)  time: 0.949531  data: 0.830725  max mem: 498
Epoch: [3]  [ 420/1463]  eta: 0:15:54  lr: 0.000198  loss: 0.014008 (0.039922)  time: 0.908753  data: 0.789713  max mem: 498
Epoch: [3]  [ 440/1463]  eta: 0:15:37  lr: 0.000198  loss: 0.023691 (0.040191)  time: 0.935359  data: 0.815107  max mem: 498
Epoch: [3]  [ 460/1463]  eta: 0:15:17  lr: 0.000198  loss: 0.017519 (0.039813)  time: 0.898022  data: 0.780639  max mem: 498
Epoch: [3]  [ 480/1463]  eta: 0:14:59  lr: 0.000198  loss: 0.025084 (0.039940)  time: 0.901021  data: 0.783357  max mem: 498
Epoch: [3]  [ 500/1463]  eta: 0:14:40  lr: 0.000198  loss: 0.033046 (0.040121)  time: 0.914624  data: 0.795328  max mem: 498
Epoch: [3]  [ 520/1463]  eta: 0:14:23  lr: 0.000198  loss: 0.017043 (0.039667)  time: 0.940269  data: 0.820099  max mem: 498
Epoch: [3]  [ 540/1463]  eta: 0:14:05  lr: 0.000198  loss: 0.022630 (0.039748)  time: 0.917431  data: 0.797681  max mem: 498
Epoch: [3]  [ 560/1463]  eta: 0:13:46  lr: 0.000198  loss: 0.014337 (0.039660)  time: 0.905688  data: 0.787962  max mem: 498
Epoch: [3]  [ 580/1463]  eta: 0:13:27  lr: 0.000198  loss: 0.009531 (0.039062)  time: 0.904431  data: 0.785478  max mem: 498
Epoch: [3]  [ 600/1463]  eta: 0:13:09  lr: 0.000198  loss: 0.011063 (0.038709)  time: 0.902037  data: 0.784380  max mem: 498
Epoch: [3]  [ 620/1463]  eta: 0:12:51  lr: 0.000198  loss: 0.026297 (0.038774)  time: 0.935128  data: 0.817074  max mem: 498
Epoch: [3]  [ 640/1463]  eta: 0:12:32  lr: 0.000198  loss: 0.034022 (0.039092)  time: 0.900552  data: 0.781348  max mem: 498
Epoch: [3]  [ 660/1463]  eta: 0:12:14  lr: 0.000198  loss: 0.023220 (0.039081)  time: 0.911857  data: 0.794216  max mem: 498
Epoch: [3]  [ 680/1463]  eta: 0:11:56  lr: 0.000198  loss: 0.031963 (0.039186)  time: 0.948430  data: 0.829203  max mem: 498
Epoch: [3]  [ 700/1463]  eta: 0:11:39  lr: 0.000198  loss: 0.037775 (0.039649)  time: 0.966446  data: 0.843887  max mem: 498
Epoch: [3]  [ 720/1463]  eta: 0:11:21  lr: 0.000198  loss: 0.021373 (0.039521)  time: 0.932113  data: 0.812677  max mem: 498
Epoch: [3]  [ 740/1463]  eta: 0:11:03  lr: 0.000198  loss: 0.028583 (0.039390)  time: 0.919110  data: 0.800078  max mem: 498
Epoch: [3]  [ 760/1463]  eta: 0:10:44  lr: 0.000198  loss: 0.023441 (0.039206)  time: 0.906940  data: 0.788055  max mem: 498
Epoch: [3]  [ 780/1463]  eta: 0:10:26  lr: 0.000198  loss: 0.028091 (0.039593)  time: 0.940279  data: 0.819868  max mem: 498
Epoch: [3]  [ 800/1463]  eta: 0:10:08  lr: 0.000198  loss: 0.025649 (0.039569)  time: 0.942624  data: 0.825234  max mem: 498
Epoch: [3]  [ 820/1463]  eta: 0:09:50  lr: 0.000198  loss: 0.019414 (0.039320)  time: 0.927037  data: 0.807900  max mem: 498
Epoch: [3]  [ 840/1463]  eta: 0:09:32  lr: 0.000198  loss: 0.034423 (0.039544)  time: 0.927408  data: 0.807536  max mem: 498
Epoch: [3]  [ 860/1463]  eta: 0:09:14  lr: 0.000198  loss: 0.020039 (0.039316)  time: 0.929018  data: 0.810341  max mem: 498
Epoch: [3]  [ 880/1463]  eta: 0:08:55  lr: 0.000198  loss: 0.065385 (0.040003)  time: 0.920482  data: 0.802090  max mem: 498
Epoch: [3]  [ 900/1463]  eta: 0:08:37  lr: 0.000198  loss: 0.019922 (0.039954)  time: 0.894355  data: 0.776407  max mem: 498
Epoch: [3]  [ 920/1463]  eta: 0:08:18  lr: 0.000198  loss: 0.028739 (0.039754)  time: 0.897579  data: 0.780133  max mem: 498
Epoch: [3]  [ 940/1463]  eta: 0:08:00  lr: 0.000198  loss: 0.034252 (0.039920)  time: 0.912461  data: 0.793555  max mem: 498
Epoch: [3]  [ 960/1463]  eta: 0:07:42  lr: 0.000198  loss: 0.025881 (0.039855)  time: 0.957494  data: 0.839799  max mem: 498
Epoch: [3]  [ 980/1463]  eta: 0:07:24  lr: 0.000198  loss: 0.034504 (0.039883)  time: 0.951684  data: 0.831600  max mem: 498
Epoch: [3]  [1000/1463]  eta: 0:07:06  lr: 0.000198  loss: 0.018948 (0.039989)  time: 0.969768  data: 0.849124  max mem: 498
Epoch: [3]  [1020/1463]  eta: 0:06:47  lr: 0.000198  loss: 0.016646 (0.039702)  time: 0.939895  data: 0.822024  max mem: 498
Epoch: [3]  [1040/1463]  eta: 0:06:29  lr: 0.000198  loss: 0.026656 (0.039638)  time: 0.958772  data: 0.840997  max mem: 498
Epoch: [3]  [1060/1463]  eta: 0:06:11  lr: 0.000198  loss: 0.027358 (0.039638)  time: 0.948014  data: 0.829603  max mem: 498
Epoch: [3]  [1080/1463]  eta: 0:05:53  lr: 0.000198  loss: 0.025245 (0.039938)  time: 0.962341  data: 0.839835  max mem: 498
Epoch: [3]  [1100/1463]  eta: 0:05:35  lr: 0.000198  loss: 0.016608 (0.040014)  time: 0.925593  data: 0.806843  max mem: 498
Epoch: [3]  [1120/1463]  eta: 0:05:16  lr: 0.000198  loss: 0.043521 (0.040203)  time: 0.927853  data: 0.810182  max mem: 498
Epoch: [3]  [1140/1463]  eta: 0:04:58  lr: 0.000198  loss: 0.027457 (0.040197)  time: 0.915661  data: 0.797807  max mem: 498
Epoch: [3]  [1160/1463]  eta: 0:04:39  lr: 0.000198  loss: 0.017738 (0.040102)  time: 0.973763  data: 0.852970  max mem: 498
Epoch: [3]  [1180/1463]  eta: 0:04:21  lr: 0.000198  loss: 0.037315 (0.040270)  time: 0.916717  data: 0.797443  max mem: 498
Epoch: [3]  [1200/1463]  eta: 0:04:02  lr: 0.000198  loss: 0.049859 (0.040439)  time: 0.940298  data: 0.820948  max mem: 498
Epoch: [3]  [1220/1463]  eta: 0:03:44  lr: 0.000198  loss: 0.022372 (0.040363)  time: 0.978924  data: 0.859953  max mem: 498
Epoch: [3]  [1240/1463]  eta: 0:03:26  lr: 0.000198  loss: 0.037612 (0.040408)  time: 0.924544  data: 0.806054  max mem: 498
Epoch: [3]  [1260/1463]  eta: 0:03:07  lr: 0.000198  loss: 0.034739 (0.040449)  time: 0.976285  data: 0.854703  max mem: 498
Epoch: [3]  [1280/1463]  eta: 0:02:49  lr: 0.000198  loss: 0.021818 (0.040315)  time: 0.957998  data: 0.839371  max mem: 498
Epoch: [3]  [1300/1463]  eta: 0:02:30  lr: 0.000198  loss: 0.022000 (0.040277)  time: 0.918619  data: 0.801092  max mem: 498
Epoch: [3]  [1320/1463]  eta: 0:02:12  lr: 0.000198  loss: 0.021987 (0.040308)  time: 0.919107  data: 0.800912  max mem: 498
Epoch: [3]  [1340/1463]  eta: 0:01:53  lr: 0.000198  loss: 0.019544 (0.040271)  time: 0.939967  data: 0.822015  max mem: 498
Epoch: [3]  [1360/1463]  eta: 0:01:35  lr: 0.000198  loss: 0.034713 (0.040364)  time: 0.975186  data: 0.855866  max mem: 498
Epoch: [3]  [1380/1463]  eta: 0:01:16  lr: 0.000198  loss: 0.030449 (0.040469)  time: 0.915314  data: 0.797742  max mem: 498
Epoch: [3]  [1400/1463]  eta: 0:00:58  lr: 0.000198  loss: 0.030230 (0.040507)  time: 0.934219  data: 0.814334  max mem: 498
Epoch: [3]  [1420/1463]  eta: 0:00:39  lr: 0.000198  loss: 0.029106 (0.040745)  time: 0.940052  data: 0.819936  max mem: 498
Epoch: [3]  [1440/1463]  eta: 0:00:21  lr: 0.000198  loss: 0.036728 (0.040957)  time: 0.926179  data: 0.806385  max mem: 498
Epoch: [3]  [1460/1463]  eta: 0:00:02  lr: 0.000198  loss: 0.021932 (0.040886)  time: 0.928919  data: 0.810204  max mem: 498
Epoch: [3]  [1462/1463]  eta: 0:00:00  lr: 0.000198  loss: 0.014214 (0.040865)  time: 0.912610  data: 0.796830  max mem: 498
Epoch: [3] Total time: 0:22:35 (0.926755 s / it)
Averaged stats: lr: 0.000198  loss: 0.014214 (0.040865)
Test:  [ 0/57]  eta: 0:00:52  loss: 0.001663 (0.001663)  acc1: 100.000000 (100.000000)  acc5: 100.000000 (100.000000)  time: 0.915210  data: 0.795255  max mem: 498
Test:  [ 5/57]  eta: 0:00:49  loss: 0.001663 (0.004209)  acc1: 100.000000 (99.739583)  acc5: 100.000000 (100.000000)  time: 0.944342  data: 0.826852  max mem: 498
Test:  [10/57]  eta: 0:00:44  loss: 0.002249 (0.014319)  acc1: 100.000000 (99.715909)  acc5: 100.000000 (100.000000)  time: 0.952473  data: 0.834798  max mem: 498
Test:  [15/57]  eta: 0:00:39  loss: 0.007028 (0.029701)  acc1: 100.000000 (99.414062)  acc5: 100.000000 (100.000000)  time: 0.950937  data: 0.833347  max mem: 498
Test:  [20/57]  eta: 0:00:35  loss: 0.015406 (0.049883)  acc1: 100.000000 (98.214286)  acc5: 100.000000 (100.000000)  time: 0.949266  data: 0.831760  max mem: 498
Test:  [25/57]  eta: 0:00:30  loss: 0.060469 (0.071408)  acc1: 96.875000 (97.415865)  acc5: 100.000000 (100.000000)  time: 0.950044  data: 0.832186  max mem: 498
Test:  [30/57]  eta: 0:00:26  loss: 0.058671 (0.062329)  acc1: 96.875000 (97.731855)  acc5: 100.000000 (100.000000)  time: 0.971877  data: 0.849584  max mem: 498
Test:  [35/57]  eta: 0:00:21  loss: 0.103812 (0.070859)  acc1: 96.875000 (97.569444)  acc5: 100.000000 (100.000000)  time: 0.972777  data: 0.849916  max mem: 498
Test:  [40/57]  eta: 0:00:16  loss: 0.054525 (0.068064)  acc1: 96.875000 (97.713415)  acc5: 100.000000 (100.000000)  time: 1.015086  data: 0.892211  max mem: 498
Test:  [45/57]  eta: 0:00:11  loss: 0.023352 (0.065182)  acc1: 98.437500 (97.758152)  acc5: 100.000000 (100.000000)  time: 1.009051  data: 0.884957  max mem: 498
Test:  [50/57]  eta: 0:00:06  loss: 0.071406 (0.069353)  acc1: 96.875000 (97.640931)  acc5: 100.000000 (100.000000)  time: 0.979489  data: 0.859878  max mem: 498
Test:  [55/57]  eta: 0:00:01  loss: 0.071406 (0.079448)  acc1: 96.875000 (97.377232)  acc5: 100.000000 (99.972098)  time: 0.996065  data: 0.876991  max mem: 498
Test:  [56/57]  eta: 0:00:00  loss: 0.071121 (0.079302)  acc1: 96.875000 (97.361111)  acc5: 100.000000 (99.972222)  time: 0.955360  data: 0.840729  max mem: 498
Test: Total time: 0:00:54 (0.963337 s / it)
* Acc@1 97.361 Acc@5 99.972 loss 0.079
Accuracy at epoch 3 of the network on the 57 test images: 97.4%
Max accuracy so far: 97.67%
Epoch: [4]  [   0/1463]  eta: 0:24:42  lr: 0.000164  loss: 0.010257 (0.010257)  time: 1.013401  data: 0.873780  max mem: 498
Epoch: [4]  [  20/1463]  eta: 0:21:56  lr: 0.000164  loss: 0.026336 (0.051917)  time: 0.907643  data: 0.789760  max mem: 498
Epoch: [4]  [  40/1463]  eta: 0:21:40  lr: 0.000164  loss: 0.017783 (0.038339)  time: 0.914931  data: 0.795296  max mem: 498
Epoch: [4]  [  60/1463]  eta: 0:21:12  lr: 0.000164  loss: 0.018618 (0.036619)  time: 0.893957  data: 0.776162  max mem: 498
Epoch: [4]  [  80/1463]  eta: 0:20:56  lr: 0.000164  loss: 0.021849 (0.035644)  time: 0.911652  data: 0.792511  max mem: 498
Epoch: [4]  [ 100/1463]  eta: 0:20:33  lr: 0.000164  loss: 0.011728 (0.033255)  time: 0.893089  data: 0.774113  max mem: 498
Epoch: [4]  [ 120/1463]  eta: 0:20:21  lr: 0.000164  loss: 0.016470 (0.033441)  time: 0.930981  data: 0.813140  max mem: 498
Epoch: [4]  [ 140/1463]  eta: 0:20:07  lr: 0.000164  loss: 0.013390 (0.032526)  time: 0.929375  data: 0.810315  max mem: 498
Epoch: [4]  [ 160/1463]  eta: 0:19:47  lr: 0.000164  loss: 0.032652 (0.034059)  time: 0.906473  data: 0.788035  max mem: 498
Epoch: [4]  [ 180/1463]  eta: 0:19:32  lr: 0.000164  loss: 0.031600 (0.034019)  time: 0.934926  data: 0.815675  max mem: 498
Epoch: [4]  [ 200/1463]  eta: 0:19:17  lr: 0.000164  loss: 0.015514 (0.033302)  time: 0.933453  data: 0.815631  max mem: 498
Epoch: [4]  [ 220/1463]  eta: 0:18:59  lr: 0.000164  loss: 0.017057 (0.034050)  time: 0.923996  data: 0.806258  max mem: 498
Epoch: [4]  [ 240/1463]  eta: 0:18:38  lr: 0.000164  loss: 0.030605 (0.036123)  time: 0.892319  data: 0.773119  max mem: 498
Epoch: [4]  [ 260/1463]  eta: 0:18:18  lr: 0.000164  loss: 0.025294 (0.036974)  time: 0.888359  data: 0.769341  max mem: 498
Epoch: [4]  [ 280/1463]  eta: 0:17:56  lr: 0.000164  loss: 0.021021 (0.036798)  time: 0.873539  data: 0.752183  max mem: 498
Epoch: [4]  [ 300/1463]  eta: 0:17:38  lr: 0.000164  loss: 0.024013 (0.037327)  time: 0.906166  data: 0.787389  max mem: 498
Epoch: [4]  [ 320/1463]  eta: 0:17:19  lr: 0.000164  loss: 0.027418 (0.037275)  time: 0.911956  data: 0.791784  max mem: 498
Epoch: [4]  [ 340/1463]  eta: 0:17:02  lr: 0.000164  loss: 0.027312 (0.037442)  time: 0.927816  data: 0.810231  max mem: 498
Epoch: [4]  [ 360/1463]  eta: 0:16:45  lr: 0.000164  loss: 0.013929 (0.036598)  time: 0.917812  data: 0.799405  max mem: 498
Epoch: [4]  [ 380/1463]  eta: 0:16:26  lr: 0.000164  loss: 0.030340 (0.036848)  time: 0.911464  data: 0.790444  max mem: 498
Epoch: [4]  [ 400/1463]  eta: 0:16:08  lr: 0.000164  loss: 0.018864 (0.037054)  time: 0.913437  data: 0.794611  max mem: 498
Epoch: [4]  [ 420/1463]  eta: 0:15:50  lr: 0.000164  loss: 0.018333 (0.036289)  time: 0.903660  data: 0.785305  max mem: 498
Epoch: [4]  [ 440/1463]  eta: 0:15:32  lr: 0.000164  loss: 0.044659 (0.036974)  time: 0.925563  data: 0.806529  max mem: 498
Epoch: [4]  [ 460/1463]  eta: 0:15:14  lr: 0.000164  loss: 0.019840 (0.036775)  time: 0.909009  data: 0.789301  max mem: 498
Epoch: [4]  [ 480/1463]  eta: 0:14:56  lr: 0.000164  loss: 0.017301 (0.036766)  time: 0.911352  data: 0.790188  max mem: 498
Epoch: [4]  [ 500/1463]  eta: 0:14:37  lr: 0.000164  loss: 0.012399 (0.037040)  time: 0.900091  data: 0.781469  max mem: 498
Epoch: [4]  [ 520/1463]  eta: 0:14:19  lr: 0.000164  loss: 0.022107 (0.036933)  time: 0.909362  data: 0.790070  max mem: 498
Epoch: [4]  [ 540/1463]  eta: 0:14:00  lr: 0.000164  loss: 0.034843 (0.037061)  time: 0.901497  data: 0.782468  max mem: 498
Epoch: [4]  [ 560/1463]  eta: 0:13:41  lr: 0.000164  loss: 0.013905 (0.036680)  time: 0.878405  data: 0.760798  max mem: 498
Epoch: [4]  [ 580/1463]  eta: 0:13:22  lr: 0.000164  loss: 0.035513 (0.036769)  time: 0.900705  data: 0.780812  max mem: 498
Epoch: [4]  [ 600/1463]  eta: 0:13:05  lr: 0.000164  loss: 0.022407 (0.036670)  time: 0.943407  data: 0.824467  max mem: 498
Epoch: [4]  [ 620/1463]  eta: 0:12:47  lr: 0.000164  loss: 0.031401 (0.036749)  time: 0.898565  data: 0.779438  max mem: 498
Epoch: [4]  [ 640/1463]  eta: 0:12:28  lr: 0.000164  loss: 0.026968 (0.037217)  time: 0.894090  data: 0.775039  max mem: 498
Epoch: [4]  [ 660/1463]  eta: 0:12:10  lr: 0.000164  loss: 0.019819 (0.037250)  time: 0.899626  data: 0.780723  max mem: 498
Epoch: [4]  [ 680/1463]  eta: 0:11:51  lr: 0.000164  loss: 0.024945 (0.037261)  time: 0.901361  data: 0.783610  max mem: 498
Epoch: [4]  [ 700/1463]  eta: 0:11:34  lr: 0.000164  loss: 0.036363 (0.037545)  time: 0.940080  data: 0.817597  max mem: 498
Epoch: [4]  [ 720/1463]  eta: 0:11:16  lr: 0.000164  loss: 0.019113 (0.037405)  time: 0.911379  data: 0.793329  max mem: 498
Epoch: [4]  [ 740/1463]  eta: 0:10:57  lr: 0.000164  loss: 0.016242 (0.037085)  time: 0.909274  data: 0.791833  max mem: 498
Epoch: [4]  [ 760/1463]  eta: 0:10:40  lr: 0.000164  loss: 0.016959 (0.036689)  time: 0.935402  data: 0.816338  max mem: 498
Epoch: [4]  [ 780/1463]  eta: 0:10:21  lr: 0.000164  loss: 0.043328 (0.037212)  time: 0.911426  data: 0.794070  max mem: 498
Epoch: [4]  [ 800/1463]  eta: 0:10:03  lr: 0.000164  loss: 0.015738 (0.037266)  time: 0.889820  data: 0.771894  max mem: 498
Epoch: [4]  [ 820/1463]  eta: 0:09:45  lr: 0.000164  loss: 0.022280 (0.037229)  time: 0.916968  data: 0.799161  max mem: 498
Epoch: [4]  [ 840/1463]  eta: 0:09:27  lr: 0.000164  loss: 0.020663 (0.036986)  time: 0.941667  data: 0.823888  max mem: 498
Epoch: [4]  [ 860/1463]  eta: 0:09:09  lr: 0.000164  loss: 0.019635 (0.037014)  time: 0.921912  data: 0.803038  max mem: 498
Epoch: [4]  [ 880/1463]  eta: 0:08:51  lr: 0.000164  loss: 0.020004 (0.037017)  time: 0.921519  data: 0.802361  max mem: 498
Epoch: [4]  [ 900/1463]  eta: 0:08:32  lr: 0.000164  loss: 0.021741 (0.037408)  time: 0.896158  data: 0.776897  max mem: 498
Epoch: [4]  [ 920/1463]  eta: 0:08:14  lr: 0.000164  loss: 0.029664 (0.037612)  time: 0.922270  data: 0.801192  max mem: 498
Epoch: [4]  [ 940/1463]  eta: 0:07:56  lr: 0.000164  loss: 0.029288 (0.037555)  time: 0.923617  data: 0.803343  max mem: 498
Epoch: [4]  [ 960/1463]  eta: 0:07:38  lr: 0.000164  loss: 0.016278 (0.037393)  time: 0.909793  data: 0.790991  max mem: 498
Epoch: [4]  [ 980/1463]  eta: 0:07:20  lr: 0.000164  loss: 0.022215 (0.037356)  time: 0.903725  data: 0.786473  max mem: 498
Epoch: [4]  [1000/1463]  eta: 0:07:02  lr: 0.000164  loss: 0.024790 (0.037435)  time: 0.918205  data: 0.799341  max mem: 498
Epoch: [4]  [1020/1463]  eta: 0:06:43  lr: 0.000164  loss: 0.019545 (0.037571)  time: 0.926555  data: 0.807370  max mem: 498
Epoch: [4]  [1040/1463]  eta: 0:06:25  lr: 0.000164  loss: 0.034440 (0.037632)  time: 0.916400  data: 0.797417  max mem: 498
Epoch: [4]  [1060/1463]  eta: 0:06:07  lr: 0.000164  loss: 0.013395 (0.037432)  time: 0.926392  data: 0.807683  max mem: 498
Epoch: [4]  [1080/1463]  eta: 0:05:49  lr: 0.000164  loss: 0.018398 (0.037352)  time: 0.926104  data: 0.807350  max mem: 498
Epoch: [4]  [1100/1463]  eta: 0:05:31  lr: 0.000164  loss: 0.020605 (0.037580)  time: 0.912023  data: 0.791576  max mem: 498
Epoch: [4]  [1120/1463]  eta: 0:05:12  lr: 0.000164  loss: 0.033775 (0.037650)  time: 0.900790  data: 0.782144  max mem: 498
Epoch: [4]  [1140/1463]  eta: 0:04:54  lr: 0.000164  loss: 0.038058 (0.037797)  time: 0.933806  data: 0.815657  max mem: 498
Epoch: [4]  [1160/1463]  eta: 0:04:36  lr: 0.000164  loss: 0.037370 (0.037960)  time: 0.974315  data: 0.855601  max mem: 498
Epoch: [4]  [1180/1463]  eta: 0:04:18  lr: 0.000164  loss: 0.016721 (0.037914)  time: 0.919518  data: 0.801026  max mem: 498
Epoch: [4]  [1200/1463]  eta: 0:04:00  lr: 0.000164  loss: 0.028376 (0.038305)  time: 0.941628  data: 0.820455  max mem: 498
Epoch: [4]  [1220/1463]  eta: 0:03:42  lr: 0.000164  loss: 0.021499 (0.038254)  time: 0.905832  data: 0.785883  max mem: 498
Epoch: [4]  [1240/1463]  eta: 0:03:23  lr: 0.000164  loss: 0.023912 (0.038414)  time: 0.914861  data: 0.794686  max mem: 498
Epoch: [4]  [1260/1463]  eta: 0:03:05  lr: 0.000164  loss: 0.025315 (0.038419)  time: 0.921210  data: 0.799499  max mem: 498
Epoch: [4]  [1280/1463]  eta: 0:02:47  lr: 0.000164  loss: 0.029007 (0.038292)  time: 0.895259  data: 0.776162  max mem: 498
Epoch: [4]  [1300/1463]  eta: 0:02:28  lr: 0.000164  loss: 0.025023 (0.038156)  time: 0.903150  data: 0.783732  max mem: 498
Epoch: [4]  [1320/1463]  eta: 0:02:10  lr: 0.000164  loss: 0.045788 (0.038392)  time: 0.909285  data: 0.789086  max mem: 498
Epoch: [4]  [1340/1463]  eta: 0:01:52  lr: 0.000164  loss: 0.026465 (0.038265)  time: 0.924203  data: 0.804687  max mem: 498
Epoch: [4]  [1360/1463]  eta: 0:01:34  lr: 0.000164  loss: 0.029691 (0.038273)  time: 0.894213  data: 0.775775  max mem: 498
Epoch: [4]  [1380/1463]  eta: 0:01:15  lr: 0.000164  loss: 0.018720 (0.038178)  time: 0.931135  data: 0.811822  max mem: 498
Epoch: [4]  [1400/1463]  eta: 0:00:57  lr: 0.000164  loss: 0.026146 (0.038124)  time: 0.921967  data: 0.803008  max mem: 498
Epoch: [4]  [1420/1463]  eta: 0:00:39  lr: 0.000164  loss: 0.016617 (0.037919)  time: 0.939491  data: 0.819775  max mem: 498
Epoch: [4]  [1440/1463]  eta: 0:00:21  lr: 0.000164  loss: 0.020489 (0.037847)  time: 0.928166  data: 0.808549  max mem: 498
Epoch: [4]  [1460/1463]  eta: 0:00:02  lr: 0.000164  loss: 0.021042 (0.037939)  time: 0.933407  data: 0.814393  max mem: 498
Epoch: [4]  [1462/1463]  eta: 0:00:00  lr: 0.000164  loss: 0.023369 (0.037938)  time: 0.913093  data: 0.797742  max mem: 498
Epoch: [4] Total time: 0:22:18 (0.914572 s / it)
Averaged stats: lr: 0.000164  loss: 0.023369 (0.037938)
Test:  [ 0/57]  eta: 0:00:52  loss: 0.001504 (0.001504)  acc1: 100.000000 (100.000000)  acc5: 100.000000 (100.000000)  time: 0.915407  data: 0.772678  max mem: 498
Test:  [ 5/57]  eta: 0:00:48  loss: 0.001808 (0.006430)  acc1: 100.000000 (99.739583)  acc5: 100.000000 (100.000000)  time: 0.931515  data: 0.809249  max mem: 498
Test:  [10/57]  eta: 0:00:43  loss: 0.003678 (0.017066)  acc1: 100.000000 (99.573864)  acc5: 100.000000 (100.000000)  time: 0.927993  data: 0.807127  max mem: 498
Test:  [15/57]  eta: 0:00:39  loss: 0.007253 (0.030405)  acc1: 100.000000 (99.218750)  acc5: 100.000000 (100.000000)  time: 0.935671  data: 0.815708  max mem: 498
Test:  [20/57]  eta: 0:00:34  loss: 0.018457 (0.047207)  acc1: 98.437500 (98.139881)  acc5: 100.000000 (100.000000)  time: 0.940601  data: 0.822237  max mem: 498
Test:  [25/57]  eta: 0:00:30  loss: 0.054781 (0.070422)  acc1: 96.875000 (97.355769)  acc5: 100.000000 (100.000000)  time: 0.946605  data: 0.828343  max mem: 498

PS:

Read file <jtrain.err> for stderr output of this job.

