Sender: LSF System <lsfadmin@eu-g3-002>
Subject: Job 219343457: <python -u p_classifier_matrix.py --batch_size 300> in cluster <euler> Done

Job <python -u p_classifier_matrix.py --batch_size 300> was submitted from host <eu-login-21> by user <thobauma> in cluster <euler> at Sun May 22 12:13:12 2022
Job was executed on host(s) <4*eu-g3-002>, in queue <gpu.24h>, as user <thobauma> in cluster <euler> at Sun May 22 12:13:42 2022
</cluster/home/thobauma> was used as the home directory.
</cluster/home/thobauma/deeplearning/converted_scripts> was used as the working directory.
Started at Sun May 22 12:13:42 2022
Terminated at Sun May 22 13:16:11 2022
Results reported at Sun May 22 13:16:11 2022

Your job looked like:

------------------------------------------------------------
# LSBATCH: User input
python -u p_classifier_matrix.py --batch_size 300
------------------------------------------------------------

Successfully completed.

Resource usage summary:

    CPU time :                                   1678.53 sec.
    Max Memory :                                 17618 MB
    Average Memory :                             11602.53 MB
    Total Requested Memory :                     40960.00 MB
    Delta Memory :                               23342.00 MB
    Max Swap :                                   -
    Max Processes :                              3
    Max Threads :                                7
    Run time :                                   3748 sec.
    Turnaround time :                            3779 sec.

The output (if any) follows:

Please use the `--pretrained_weights` argument to indicate the path of the checkpoint to evaluate.
Since no pretrained weights have been provided, we load the reference pretrained DINO weights.
Model vit_small built.
Embed dim 1536
We load the reference pretrained linear weights.
################################################## forwardpass on pgd_0001 classifier ##################################################
Found checkpoint at /cluster/scratch/thobauma/data/models/posthoc/pgd_0001/checkpoint.pth.tar
=> loaded 'state_dict' from checkpoint '/cluster/scratch/thobauma/data/models/posthoc/pgd_0001/checkpoint.pth.tar' with msg <All keys matched successfully>

-------------------------------------------------- dataset pgd_0001 --------------------------------------------------
original images: /cluster/scratch/thobauma/data/ori/filtered/validation/images
adversarial images: /cluster/scratch/thobauma/data/adv/pgd_0001/validation/images
val samples: 7200 

saving predictions to: /cluster/scratch/thobauma/data/posthoc_matrix/c_pgd_0001_d_pgd_0001.csv
10
Test:  [ 0/24]  eta: 0:04:01  loss: 0.692784 (0.692784)  acc1: 60.666668 (60.666668)  time: 10.061162  data: 9.381329  max mem: 1999
Test:  [10/24]  eta: 0:02:37  loss: 0.737717 (0.742739)  acc1: 53.666668 (51.878789)  time: 11.237879  data: 10.649554  max mem: 2000
Test:  [20/24]  eta: 0:00:38  loss: 0.683972 (0.698878)  acc1: 58.000000 (57.000001)  time: 9.725451  data: 9.147873  max mem: 2000
Test:  [23/24]  eta: 0:00:09  loss: 0.655688 (0.689403)  acc1: 60.666668 (58.236113)  time: 9.164459  data: 8.586128  max mem: 2000
Test: Total time: 0:03:47 (9.461601 s / it)
* Acc@1 58.236 loss 0.689

-------------------------------------------------- dataset pgd_003 --------------------------------------------------
original images: /cluster/scratch/thobauma/data/ori/filtered/validation/images
adversarial images: /cluster/scratch/thobauma/data/adv/pgd_003/validation/images
val samples: 7200 

saving predictions to: /cluster/scratch/thobauma/data/posthoc_matrix/c_pgd_0001_d_pgd_003.csv
10
Test:  [ 0/24]  eta: 0:04:18  loss: 0.692784 (0.692784)  acc1: 60.666668 (60.666668)  time: 10.765774  data: 10.196342  max mem: 2000
Test:  [10/24]  eta: 0:02:35  loss: 0.737717 (0.742739)  acc1: 53.666668 (51.878789)  time: 11.082020  data: 10.500674  max mem: 2000
Test:  [20/24]  eta: 0:00:37  loss: 0.682232 (0.545798)  acc1: 60.666668 (70.285716)  time: 9.382096  data: 8.797728  max mem: 2000
Test:  [23/24]  eta: 0:00:09  loss: 0.344962 (0.516603)  acc1: 91.666672 (73.375002)  time: 8.720381  data: 8.135702  max mem: 2000
Test: Total time: 0:03:40 (9.168844 s / it)
* Acc@1 73.375 loss 0.517

-------------------------------------------------- dataset pgd_01 --------------------------------------------------
original images: /cluster/scratch/thobauma/data/ori/filtered/validation/images
adversarial images: /cluster/scratch/thobauma/data/adv/pgd_01/validation/images
val samples: 7200 

saving predictions to: /cluster/scratch/thobauma/data/posthoc_matrix/c_pgd_0001_d_pgd_01.csv
10
Test:  [ 0/24]  eta: 0:04:17  loss: 0.692784 (0.692784)  acc1: 60.666668 (60.666668)  time: 10.717067  data: 10.140508  max mem: 2000
Test:  [10/24]  eta: 0:02:15  loss: 0.737717 (0.742739)  acc1: 53.666668 (51.878789)  time: 9.678199  data: 9.094497  max mem: 2000
Test:  [20/24]  eta: 0:00:33  loss: 0.682232 (0.514281)  acc1: 60.666668 (71.603176)  time: 8.131617  data: 7.550027  max mem: 2000
Test:  [23/24]  eta: 0:00:07  loss: 0.244797 (0.477992)  acc1: 96.666672 (74.930557)  time: 7.515411  data: 6.934316  max mem: 2000
Test: Total time: 0:03:10 (7.938132 s / it)
* Acc@1 74.931 loss 0.478

-------------------------------------------------- dataset fgsm_0001 --------------------------------------------------
original images: /cluster/scratch/thobauma/data/ori/filtered/validation/images
adversarial images: /cluster/scratch/thobauma/data/adv/fgsm_0001/validation/images
val samples: 7200 

saving predictions to: /cluster/scratch/thobauma/data/posthoc_matrix/c_pgd_0001_d_fgsm_0001.csv
10
Test:  [ 0/24]  eta: 0:03:25  loss: 0.692784 (0.692784)  acc1: 60.666668 (60.666668)  time: 8.577629  data: 7.982102  max mem: 2000
Test:  [10/24]  eta: 0:02:02  loss: 0.737717 (0.742739)  acc1: 53.666668 (51.878789)  time: 8.760077  data: 8.177352  max mem: 2000
Test:  [20/24]  eta: 0:00:30  loss: 0.683972 (0.693383)  acc1: 59.000000 (57.841272)  time: 7.511890  data: 6.931178  max mem: 2000
Test:  [23/24]  eta: 0:00:07  loss: 0.640928 (0.683757)  acc1: 60.666668 (59.041668)  time: 7.020953  data: 6.440240  max mem: 2000
Test: Total time: 0:02:55 (7.315480 s / it)
* Acc@1 59.042 loss 0.684

-------------------------------------------------- dataset fgsm_003 --------------------------------------------------
original images: /cluster/scratch/thobauma/data/ori/filtered/validation/images
adversarial images: /cluster/scratch/thobauma/data/adv/fgsm_003/validation/images
val samples: 7200 

saving predictions to: /cluster/scratch/thobauma/data/posthoc_matrix/c_pgd_0001_d_fgsm_003.csv
10
Test:  [ 0/24]  eta: 0:03:41  loss: 0.692784 (0.692784)  acc1: 60.666668 (60.666668)  time: 9.245971  data: 8.684925  max mem: 2000
Test:  [10/24]  eta: 0:02:02  loss: 0.737717 (0.742739)  acc1: 53.666668 (51.878789)  time: 8.721013  data: 8.147317  max mem: 2000
Test:  [20/24]  eta: 0:00:30  loss: 0.682232 (0.497109)  acc1: 60.666668 (72.269843)  time: 7.617569  data: 7.036728  max mem: 2000
Test:  [23/24]  eta: 0:00:07  loss: 0.190331 (0.457890)  acc1: 99.000000 (75.708335)  time: 7.179149  data: 6.595921  max mem: 2000
Test: Total time: 0:02:59 (7.476104 s / it)
* Acc@1 75.708 loss 0.458

-------------------------------------------------- dataset fgsm_01 --------------------------------------------------
original images: /cluster/scratch/thobauma/data/ori/filtered/validation/images
adversarial images: /cluster/scratch/thobauma/data/adv/fgsm_01/validation/images
val samples: 7200 

saving predictions to: /cluster/scratch/thobauma/data/posthoc_matrix/c_pgd_0001_d_fgsm_01.csv
10
Test:  [ 0/24]  eta: 0:03:12  loss: 0.692784 (0.692784)  acc1: 60.666668 (60.666668)  time: 8.013912  data: 7.435285  max mem: 2000
Test:  [10/24]  eta: 0:02:00  loss: 0.737717 (0.742739)  acc1: 53.666668 (51.878789)  time: 8.592243  data: 8.006376  max mem: 2000
Test:  [20/24]  eta: 0:00:29  loss: 0.682232 (0.483540)  acc1: 60.666668 (72.412699)  time: 7.309402  data: 6.729955  max mem: 2000
Test:  [23/24]  eta: 0:00:07  loss: 0.146841 (0.441377)  acc1: 100.000000 (75.847223)  time: 6.782280  data: 6.204672  max mem: 2000
Test: Total time: 0:02:49 (7.074710 s / it)
* Acc@1 75.847 loss 0.441

-------------------------------------------------- dataset cw_50 --------------------------------------------------
original images: /cluster/scratch/thobauma/data/ori/filtered/validation/images
adversarial images: /cluster/scratch/thobauma/data/adv/cw_50/validation/images
val samples: 7200 

saving predictions to: /cluster/scratch/thobauma/data/posthoc_matrix/c_pgd_0001_d_cw_50.csv
10
Test:  [ 0/24]  eta: 0:03:02  loss: 0.692784 (0.692784)  acc1: 60.666668 (60.666668)  time: 7.587084  data: 7.018228  max mem: 2000
Test:  [10/24]  eta: 0:01:53  loss: 0.737717 (0.742739)  acc1: 53.666668 (51.878789)  time: 8.104543  data: 7.524144  max mem: 2000
Test:  [20/24]  eta: 0:00:27  loss: 0.682232 (0.581343)  acc1: 60.666668 (69.380954)  time: 6.891758  data: 6.311405  max mem: 2000
Test:  [23/24]  eta: 0:00:06  loss: 0.414031 (0.555269)  acc1: 88.333336 (72.486113)  time: 6.344407  data: 5.764259  max mem: 2000
Test: Total time: 0:02:41 (6.723161 s / it)
* Acc@1 72.486 loss 0.555
################################################## forwardpass on pgd_003 classifier ##################################################
Found checkpoint at /cluster/scratch/thobauma/data/models/posthoc/pgd_003/checkpoint.pth.tar
=> loaded 'state_dict' from checkpoint '/cluster/scratch/thobauma/data/models/posthoc/pgd_003/checkpoint.pth.tar' with msg <All keys matched successfully>

-------------------------------------------------- dataset pgd_0001 --------------------------------------------------
original images: /cluster/scratch/thobauma/data/ori/filtered/validation/images
adversarial images: /cluster/scratch/thobauma/data/adv/pgd_0001/validation/images
val samples: 7200 

saving predictions to: /cluster/scratch/thobauma/data/posthoc_matrix/c_pgd_003_d_pgd_0001.csv
10
Test:  [ 0/24]  eta: 0:03:19  loss: 0.012366 (0.012366)  acc1: 99.666672 (99.666672)  time: 8.297686  data: 7.703037  max mem: 2000
Test:  [10/24]  eta: 0:01:54  loss: 0.028845 (0.027819)  acc1: 99.333336 (99.363638)  time: 8.153841  data: 7.575142  max mem: 2000
Test:  [20/24]  eta: 0:00:28  loss: 0.057490 (2.535836)  acc1: 98.333336 (57.222224)  time: 6.992085  data: 6.412517  max mem: 2000
Test:  [23/24]  eta: 0:00:06  loss: 5.344323 (2.920277)  acc1: 1.666667 (50.166668)  time: 6.730302  data: 6.149749  max mem: 2000
Test: Total time: 0:02:46 (6.937616 s / it)
* Acc@1 50.167 loss 2.920

-------------------------------------------------- dataset pgd_003 --------------------------------------------------
original images: /cluster/scratch/thobauma/data/ori/filtered/validation/images
adversarial images: /cluster/scratch/thobauma/data/adv/pgd_003/validation/images
val samples: 7200 

saving predictions to: /cluster/scratch/thobauma/data/posthoc_matrix/c_pgd_003_d_pgd_003.csv
10
Test:  [ 0/24]  eta: 0:03:25  loss: 0.012366 (0.012366)  acc1: 99.666672 (99.666672)  time: 8.548604  data: 7.952886  max mem: 2000
Test:  [10/24]  eta: 0:02:06  loss: 0.028845 (0.027819)  acc1: 99.333336 (99.363638)  time: 9.054109  data: 8.478951  max mem: 2000
Test:  [20/24]  eta: 0:00:31  loss: 0.028566 (0.029437)  acc1: 99.333336 (99.412700)  time: 7.842153  data: 7.265262  max mem: 2000
Test:  [23/24]  eta: 0:00:07  loss: 0.028186 (0.028459)  acc1: 99.333336 (99.458335)  time: 7.478455  data: 6.899484  max mem: 2000
Test: Total time: 0:03:04 (7.704060 s / it)
* Acc@1 99.458 loss 0.028

-------------------------------------------------- dataset pgd_01 --------------------------------------------------
original images: /cluster/scratch/thobauma/data/ori/filtered/validation/images
adversarial images: /cluster/scratch/thobauma/data/adv/pgd_01/validation/images
val samples: 7200 

saving predictions to: /cluster/scratch/thobauma/data/posthoc_matrix/c_pgd_003_d_pgd_01.csv
10
Test:  [ 0/24]  eta: 0:03:53  loss: 0.012366 (0.012366)  acc1: 99.666672 (99.666672)  time: 9.719596  data: 9.143570  max mem: 2000
Test:  [10/24]  eta: 0:02:03  loss: 0.028845 (0.027819)  acc1: 99.333336 (99.363638)  time: 8.840828  data: 8.265894  max mem: 2000
Test:  [20/24]  eta: 0:00:31  loss: 0.012140 (0.017831)  acc1: 99.666672 (99.571430)  time: 7.831680  data: 7.255051  max mem: 2000
Test:  [23/24]  eta: 0:00:07  loss: 0.000807 (0.015650)  acc1: 100.000000 (99.625002)  time: 7.475631  data: 6.901263  max mem: 2000
Test: Total time: 0:03:04 (7.677166 s / it)
* Acc@1 99.625 loss 0.016

-------------------------------------------------- dataset fgsm_0001 --------------------------------------------------
original images: /cluster/scratch/thobauma/data/ori/filtered/validation/images
adversarial images: /cluster/scratch/thobauma/data/adv/fgsm_0001/validation/images
val samples: 7200 

saving predictions to: /cluster/scratch/thobauma/data/posthoc_matrix/c_pgd_003_d_fgsm_0001.csv
10
Test:  [ 0/24]  eta: 0:03:54  loss: 0.012366 (0.012366)  acc1: 99.666672 (99.666672)  time: 9.783921  data: 9.195521  max mem: 2000
Test:  [10/24]  eta: 0:02:04  loss: 0.028845 (0.027819)  acc1: 99.333336 (99.363638)  time: 8.902127  data: 8.320832  max mem: 2000
Test:  [20/24]  eta: 0:00:31  loss: 0.057490 (2.482050)  acc1: 98.333336 (57.190478)  time: 7.781384  data: 7.199662  max mem: 2000
Test:  [23/24]  eta: 0:00:07  loss: 5.250134 (2.864377)  acc1: 1.666667 (50.152779)  time: 7.539006  data: 6.957823  max mem: 2000
Test: Total time: 0:03:09 (7.880827 s / it)
* Acc@1 50.153 loss 2.864

-------------------------------------------------- dataset fgsm_003 --------------------------------------------------
original images: /cluster/scratch/thobauma/data/ori/filtered/validation/images
adversarial images: /cluster/scratch/thobauma/data/adv/fgsm_003/validation/images
val samples: 7200 

saving predictions to: /cluster/scratch/thobauma/data/posthoc_matrix/c_pgd_003_d_fgsm_003.csv
10
Test:  [ 0/24]  eta: 0:03:48  loss: 0.012366 (0.012366)  acc1: 99.666672 (99.666672)  time: 9.507992  data: 8.917803  max mem: 2000
Test:  [10/24]  eta: 0:02:17  loss: 0.028845 (0.027819)  acc1: 99.333336 (99.363638)  time: 9.790745  data: 9.212921  max mem: 2000
Test:  [20/24]  eta: 0:00:33  loss: 0.013661 (0.020981)  acc1: 99.666672 (99.555557)  time: 8.312286  data: 7.732770  max mem: 2000
Test:  [23/24]  eta: 0:00:08  loss: 0.010716 (0.019081)  acc1: 100.000000 (99.611113)  time: 7.631995  data: 7.053783  max mem: 2000
Test: Total time: 0:03:13 (8.070337 s / it)
* Acc@1 99.611 loss 0.019

-------------------------------------------------- dataset fgsm_01 --------------------------------------------------
original images: /cluster/scratch/thobauma/data/ori/filtered/validation/images
adversarial images: /cluster/scratch/thobauma/data/adv/fgsm_01/validation/images
val samples: 7200 

saving predictions to: /cluster/scratch/thobauma/data/posthoc_matrix/c_pgd_003_d_fgsm_01.csv
10
Test:  [ 0/24]  eta: 0:03:30  loss: 0.012366 (0.012366)  acc1: 99.666672 (99.666672)  time: 8.778196  data: 8.191244  max mem: 2000
Test:  [10/24]  eta: 0:02:10  loss: 0.028845 (0.027819)  acc1: 99.333336 (99.363638)  time: 9.292032  data: 8.707883  max mem: 2000
Test:  [20/24]  eta: 0:00:33  loss: 0.012140 (0.017424)  acc1: 100.000000 (99.603176)  time: 8.437851  data: 7.859744  max mem: 2000
Test:  [23/24]  eta: 0:00:08  loss: 0.000192 (0.015247)  acc1: 100.000000 (99.652779)  time: 7.974810  data: 7.397470  max mem: 2000
Test: Total time: 0:03:17 (8.223293 s / it)
* Acc@1 99.653 loss 0.015

-------------------------------------------------- dataset cw_50 --------------------------------------------------
original images: /cluster/scratch/thobauma/data/ori/filtered/validation/images
adversarial images: /cluster/scratch/thobauma/data/adv/cw_50/validation/images
val samples: 7200 

saving predictions to: /cluster/scratch/thobauma/data/posthoc_matrix/c_pgd_003_d_cw_50.csv
10
Test:  [ 0/24]  eta: 0:04:01  loss: 0.012366 (0.012366)  acc1: 99.666672 (99.666672)  time: 10.043209  data: 9.446627  max mem: 2000
Test:  [10/24]  eta: 0:02:09  loss: 0.028845 (0.027819)  acc1: 99.333336 (99.363638)  time: 9.235691  data: 8.649615  max mem: 2000
Test:  [20/24]  eta: 0:00:29  loss: 0.057490 (1.294176)  acc1: 98.333336 (62.619049)  time: 7.303084  data: 6.720802  max mem: 2000
Test:  [23/24]  eta: 0:00:07  loss: 2.584671 (1.482946)  acc1: 17.333334 (56.527779)  time: 6.563170  data: 5.979764  max mem: 2000
Test: Total time: 0:02:50 (7.112110 s / it)
* Acc@1 56.528 loss 1.483
################################################## forwardpass on pgd_01 classifier ##################################################
Found checkpoint at /cluster/scratch/thobauma/data/models/posthoc/pgd_01/checkpoint.pth.tar
=> loaded 'state_dict' from checkpoint '/cluster/scratch/thobauma/data/models/posthoc/pgd_01/checkpoint.pth.tar' with msg <All keys matched successfully>

-------------------------------------------------- dataset pgd_0001 --------------------------------------------------
original images: /cluster/scratch/thobauma/data/ori/filtered/validation/images
adversarial images: /cluster/scratch/thobauma/data/adv/pgd_0001/validation/images
val samples: 7200 

saving predictions to: /cluster/scratch/thobauma/data/posthoc_matrix/c_pgd_01_d_pgd_0001.csv
10
Test:  [ 0/24]  eta: 0:02:58  loss: 0.003307 (0.003307)  acc1: 100.000000 (100.000000)  time: 7.438383  data: 6.870151  max mem: 2000
Test:  [10/24]  eta: 0:01:43  loss: 0.004978 (0.006530)  acc1: 100.000000 (99.939395)  time: 7.388972  data: 6.812422  max mem: 2000
Test:  [20/24]  eta: 0:00:24  loss: 0.014272 (3.221979)  acc1: 99.333336 (57.126985)  time: 6.017023  data: 5.434874  max mem: 2000
Test:  [23/24]  eta: 0:00:05  loss: 7.254095 (3.761497)  acc1: 0.333333 (50.013889)  time: 5.568677  data: 4.983311  max mem: 2000
Test: Total time: 0:02:21 (5.886178 s / it)
* Acc@1 50.014 loss 3.761

-------------------------------------------------- dataset pgd_003 --------------------------------------------------
original images: /cluster/scratch/thobauma/data/ori/filtered/validation/images
adversarial images: /cluster/scratch/thobauma/data/adv/pgd_003/validation/images
val samples: 7200 

saving predictions to: /cluster/scratch/thobauma/data/posthoc_matrix/c_pgd_01_d_pgd_003.csv
10
Test:  [ 0/24]  eta: 0:02:43  loss: 0.003307 (0.003307)  acc1: 100.000000 (100.000000)  time: 6.832730  data: 6.270692  max mem: 2000
Test:  [10/24]  eta: 0:01:35  loss: 0.004978 (0.006530)  acc1: 100.000000 (99.939395)  time: 6.815763  data: 6.231864  max mem: 2000
Test:  [20/24]  eta: 0:00:23  loss: 0.014272 (0.347848)  acc1: 99.333336 (83.714287)  time: 5.806804  data: 5.220453  max mem: 2000
Test:  [23/24]  eta: 0:00:05  loss: 0.441154 (0.396588)  acc1: 67.000000 (81.402779)  time: 5.472101  data: 4.886491  max mem: 2000
Test: Total time: 0:02:16 (5.702526 s / it)
* Acc@1 81.403 loss 0.397

-------------------------------------------------- dataset pgd_01 --------------------------------------------------
original images: /cluster/scratch/thobauma/data/ori/filtered/validation/images
adversarial images: /cluster/scratch/thobauma/data/adv/pgd_01/validation/images
val samples: 7200 

saving predictions to: /cluster/scratch/thobauma/data/posthoc_matrix/c_pgd_01_d_pgd_01.csv
10
Test:  [ 0/24]  eta: 0:03:02  loss: 0.003307 (0.003307)  acc1: 100.000000 (100.000000)  time: 7.602964  data: 7.018408  max mem: 2000
Test:  [10/24]  eta: 0:01:49  loss: 0.004978 (0.006530)  acc1: 100.000000 (99.939395)  time: 7.804978  data: 7.222963  max mem: 2000
Test:  [20/24]  eta: 0:00:27  loss: 0.005321 (0.006504)  acc1: 100.000000 (99.920636)  time: 6.896993  data: 6.315032  max mem: 2000
Test:  [23/24]  eta: 0:00:06  loss: 0.005321 (0.006390)  acc1: 100.000000 (99.930556)  time: 6.613200  data: 6.032187  max mem: 2000
Test: Total time: 0:02:43 (6.813112 s / it)
* Acc@1 99.931 loss 0.006

-------------------------------------------------- dataset fgsm_0001 --------------------------------------------------
original images: /cluster/scratch/thobauma/data/ori/filtered/validation/images
adversarial images: /cluster/scratch/thobauma/data/adv/fgsm_0001/validation/images
val samples: 7200 

saving predictions to: /cluster/scratch/thobauma/data/posthoc_matrix/c_pgd_01_d_fgsm_0001.csv
10
Test:  [ 0/24]  eta: 0:03:18  loss: 0.003307 (0.003307)  acc1: 100.000000 (100.000000)  time: 8.280951  data: 7.696690  max mem: 2000
Test:  [10/24]  eta: 0:01:52  loss: 0.004978 (0.006530)  acc1: 100.000000 (99.939395)  time: 8.064429  data: 7.484162  max mem: 2000
Test:  [20/24]  eta: 0:00:28  loss: 0.014272 (3.184340)  acc1: 99.333336 (57.126985)  time: 7.034972  data: 6.453577  max mem: 2000
Test:  [23/24]  eta: 0:00:06  loss: 7.197784 (3.721573)  acc1: 0.333333 (50.013889)  time: 6.630861  data: 6.047884  max mem: 2000
Test: Total time: 0:02:45 (6.876504 s / it)
* Acc@1 50.014 loss 3.722

-------------------------------------------------- dataset fgsm_003 --------------------------------------------------
original images: /cluster/scratch/thobauma/data/ori/filtered/validation/images
adversarial images: /cluster/scratch/thobauma/data/adv/fgsm_003/validation/images
val samples: 7200 

saving predictions to: /cluster/scratch/thobauma/data/posthoc_matrix/c_pgd_01_d_fgsm_003.csv
10
Test:  [ 0/24]  eta: 0:03:21  loss: 0.003307 (0.003307)  acc1: 100.000000 (100.000000)  time: 8.406242  data: 7.821306  max mem: 2000
Test:  [10/24]  eta: 0:01:52  loss: 0.004978 (0.006530)  acc1: 100.000000 (99.939395)  time: 8.026452  data: 7.444649  max mem: 2000
Test:  [20/24]  eta: 0:00:28  loss: 0.014272 (0.097903)  acc1: 99.666672 (96.650795)  time: 7.144552  data: 6.565474  max mem: 2000
Test:  [23/24]  eta: 0:00:07  loss: 0.109059 (0.109242)  acc1: 95.666672 (96.250002)  time: 6.852043  data: 6.274085  max mem: 2000
Test: Total time: 0:02:48 (7.040057 s / it)
* Acc@1 96.250 loss 0.109

-------------------------------------------------- dataset fgsm_01 --------------------------------------------------
original images: /cluster/scratch/thobauma/data/ori/filtered/validation/images
adversarial images: /cluster/scratch/thobauma/data/adv/fgsm_01/validation/images
val samples: 7200 

saving predictions to: /cluster/scratch/thobauma/data/posthoc_matrix/c_pgd_01_d_fgsm_01.csv
10
Test:  [ 0/24]  eta: 0:03:09  loss: 0.003307 (0.003307)  acc1: 100.000000 (100.000000)  time: 7.905980  data: 7.319263  max mem: 2000
Test:  [10/24]  eta: 0:01:50  loss: 0.004978 (0.006530)  acc1: 100.000000 (99.939395)  time: 7.877337  data: 7.300262  max mem: 2000
Test:  [20/24]  eta: 0:00:27  loss: 0.002852 (0.004244)  acc1: 100.000000 (99.936509)  time: 6.778005  data: 6.199644  max mem: 2000
Test:  [23/24]  eta: 0:00:06  loss: 0.000295 (0.003725)  acc1: 100.000000 (99.944445)  time: 6.422462  data: 5.843950  max mem: 2000
Test: Total time: 0:02:40 (6.671987 s / it)
* Acc@1 99.944 loss 0.004

-------------------------------------------------- dataset cw_50 --------------------------------------------------
original images: /cluster/scratch/thobauma/data/ori/filtered/validation/images
adversarial images: /cluster/scratch/thobauma/data/adv/cw_50/validation/images
val samples: 7200 

saving predictions to: /cluster/scratch/thobauma/data/posthoc_matrix/c_pgd_01_d_cw_50.csv
10
Test:  [ 0/24]  eta: 0:03:15  loss: 0.003307 (0.003307)  acc1: 100.000000 (100.000000)  time: 8.145244  data: 7.556333  max mem: 2000
Test:  [10/24]  eta: 0:01:56  loss: 0.004978 (0.006530)  acc1: 100.000000 (99.939395)  time: 8.334380  data: 7.745825  max mem: 2000
Test:  [20/24]  eta: 0:00:28  loss: 0.014272 (2.347279)  acc1: 99.333336 (57.380953)  time: 7.183289  data: 6.599296  max mem: 2000
Test:  [23/24]  eta: 0:00:07  loss: 5.018062 (2.744558)  acc1: 1.333333 (50.291667)  time: 6.841458  data: 6.257221  max mem: 2000
Test: Total time: 0:02:49 (7.057829 s / it)
* Acc@1 50.292 loss 2.745


PS:

Read file <mat.err> for stderr output of this job.

